#
# A fatal error has been detected by the Java Runtime Environment:
#
#  EXCEPTION_ACCESS_VIOLATION (0xc0000005) at pc=0x00007fffaa1e5def, pid=15180, tid=10844
#
# JRE version: Java(TM) SE Runtime Environment (21.0.2+13) (build 21.0.2+13-LTS-58)
# Java VM: Java HotSpot(TM) 64-Bit Server VM (21.0.2+13-LTS-58, mixed mode, sharing, tiered, compressed oops, compressed class ptrs, g1 gc, windows-amd64)
# Problematic frame:
# V  [jvm.dll+0x5d5def]
#
# No core dump will be written. Minidumps are not enabled by default on client versions of Windows
#
# If you would like to submit a bug report, please visit:
#   https://bugreport.java.com/bugreport/crash.jsp
#

---------------  S U M M A R Y ------------

Command Line: -Dfile.encoding=UTF-8 -Dstdout.encoding=UTF-8 -Dstderr.encoding=UTF-8 -XX:+ShowCodeDetailsInExceptionMessages com.example.CareerConnectApplication

Host: Intel(R) Core(TM) i7-6600U CPU @ 2.60GHz, 4 cores, 7G,  Windows 10 , 64 bit Build 19041 (10.0.19041.2364)
Time: Fri Jul 18 14:59:50 2025 India Standard Time elapsed time: 2628.161343 seconds (0d 0h 43m 48s)

---------------  T H R E A D  ---------------

Current thread (0x000001f66d911650):  JavaThread "C2 CompilerThread0" daemon [_thread_in_native, id=10844, stack(0x000000806f500000,0x000000806f600000) (1024K)]


Current CompileTask:
C2:2628161 20564       4       org.antlr.v4.runtime.BufferedTokenStream::fetch (89 bytes)

Stack: [0x000000806f500000,0x000000806f600000],  sp=0x000000806f5fc980,  free space=1010k
Native frames: (J=compiled Java code, j=interpreted, Vv=VM code, C=native code)
V  [jvm.dll+0x5d5def]
V  [jvm.dll+0x1e1ea0]
V  [jvm.dll+0x249d22]
V  [jvm.dll+0x2491b1]
V  [jvm.dll+0x1c9634]
V  [jvm.dll+0x258859]
V  [jvm.dll+0x256e3a]
V  [jvm.dll+0x3ef6c6]
V  [jvm.dll+0x7ff568]
V  [jvm.dll+0x6c953d]
C  [ucrtbase.dll+0x21bb2]
C  [KERNEL32.DLL+0x17614]
C  [ntdll.dll+0x526a1]


siginfo: EXCEPTION_ACCESS_VIOLATION (0xc0000005), reading address 0x00007fffba834e78


Registers:
RAX=0x000001f677876b50, RBX=0x0000000000000003, RCX=0x0000000000000035, RDX=0x0020000000000000
RSP=0x000000806f5fc980, RBP=0x000000806f5fca19, RSI=0x00000000000006f5, RDI=0x000000806f5fcbc0
R8 =0x00007fffba834e60, R9 =0x0000000000000000, R10=0x000001f672857f80, R11=0x00007fffaa834e60
R12=0x000000000000000c, R13=0x000001f677876b40, R14=0x0000000000000000, R15=0x000001f676f05ed8
RIP=0x00007fffaa1e5def, EFLAGS=0x0000000000010206


Register to memory mapping:

RAX=0x000001f677876b50 points into unknown readable memory: 0x00007fffaa834e60 | 60 4e 83 aa ff 7f 00 00
RBX=0x0000000000000003 is an unknown value
RCX=0x0000000000000035 is an unknown value
RDX=0x0020000000000000 is an unknown value
RSP=0x000000806f5fc980 is pointing into the stack for thread: 0x000001f66d911650
RBP=0x000000806f5fca19 is pointing into the stack for thread: 0x000001f66d911650
RSI=0x00000000000006f5 is an unknown value
RDI=0x000000806f5fcbc0 is pointing into the stack for thread: 0x000001f66d911650
R8 =0x00007fffba834e60 is an unknown value
R9 =0x0 is null
R10=0x000001f672857f80 points into unknown readable memory: 0x00007fffaa5a6fb0 | b0 6f 5a aa ff 7f 00 00
R11=0x00007fffaa834e60 jvm.dll
R12=0x000000000000000c is an unknown value
R13=0x000001f677876b40 points into unknown readable memory: 0x0000000400000001 | 01 00 00 00 04 00 00 00
R14=0x0 is null
R15=0x000001f676f05ed8 points into unknown readable memory: 0x00007fffaa5bb4c8 | c8 b4 5b aa ff 7f 00 00

Top of Stack: (sp=0x000000806f5fc980)
0x000000806f5fc980:   00000000000002d6 000000806f5fc9c0
0x000000806f5fc990:   000001f677b84290 000000806f5fca19
0x000000806f5fc9a0:   000000806f5fca10 00007fffaa21f20a
0x000000806f5fc9b0:   000001f672857f80 000001f66d912170
0x000000806f5fc9c0:   000001f600000008 000001f66d8e65b0
0x000000806f5fc9d0:   000001f677bb2950 00007fff00000000
0x000000806f5fc9e0:   000001f677876b40 000001f66d8e65b0
0x000000806f5fc9f0:   000001f673b6e6c0 0000000000102a40
0x000000806f5fca00:   000001f673b766d0 000001f673b766d0
0x000000806f5fca10:   000001f600000010 000001f677bb4548
0x000000806f5fca20:   0000000000000010 000001f66d8e65b0
0x000000806f5fca30:   0000000000054f30 000001f677b66fc0
0x000000806f5fca40:   000000806f5fcfd0 0000000000000001
0x000000806f5fca50:   000001f677b66fd0 0000000000000000
0x000000806f5fca60:   000001f677b673a8 000000806f5fcef0
0x000000806f5fca70:   000000806f5fcb80 00007fffa9df1ea0
0x000000806f5fca80:   00000080000001b5 000000800000000d
0x000000806f5fca90:   000001f677bb34d8 000001f66d912120
0x000000806f5fcaa0:   0000000000000000 0000000000000000
0x000000806f5fcab0:   0000000000000007 000001f677b66fc0
0x000000806f5fcac0:   000001f6737b31b0 000001f6737b7180
0x000000806f5fcad0:   000001f6737bb198 00000000000cd328
0x000000806f5fcae0:   000001f677b66fd0 0000000000000000
0x000000806f5fcaf0:   0000000000000000 0000000000000000
0x000000806f5fcb00:   0000000000000010 0000000000002a00
0x000000806f5fcb10:   000001f66d8e65b0 00007fffaa5bb690
0x000000806f5fcb20:   0000000000000000 0000000000000000
0x000000806f5fcb30:   0000000000000000 00007fffaa5bb690
0x000000806f5fcb40:   0000000000007f00 00007fffa9cd3eae
0x000000806f5fcb50:   00007fff0000000c 000000806f5fe3e0
0x000000806f5fcb60:   000001f67767ee50 000001f66d8e6500
0x000000806f5fcb70:   000001f677db4860 000001f6000007ba 

Instructions: (pc=0x00007fffaa1e5def)
0x00007fffaa1e5cef:   48 89 45 77 75 05 e8 66 0c 32 00 48 8b 0e 4c 8b
0x00007fffaa1e5cff:   81 18 03 00 00 eb 20 48 8b 83 98 00 00 00 48 89
0x00007fffaa1e5d0f:   47 30 41 80 3e 00 75 05 e8 44 0c 32 00 48 8b 06
0x00007fffaa1e5d1f:   4c 8b 80 18 03 00 00 8b 57 48 48 8b cb e8 bf 51
0x00007fffaa1e5d2f:   de ff 41 8b 4c 24 4c 4c 8d 1d 23 f1 64 00 48 8b
0x00007fffaa1e5d3f:   47 28 ff c9 48 89 1c c8 41 8b 44 24 4c 45 8b 7c
0x00007fffaa1e5d4f:   24 28 ff c8 44 89 7d 6f 4c 8d 2c 80 49 c1 e5 05
0x00007fffaa1e5d5f:   4c 03 6f 20 4c 89 6d c7 41 83 ff 01 0f 86 b2 01
0x00007fffaa1e5d6f:   00 00 4d 8b d4 45 8d 67 ff 45 3b 62 18 73 0a 49
0x00007fffaa1e5d7f:   8b 42 20 4e 8b 3c e0 eb 03 45 33 ff 41 8b 47 2c
0x00007fffaa1e5d8f:   83 e0 0f 3c 0c 0f 84 81 01 00 00 48 8b 47 40 49
0x00007fffaa1e5d9f:   63 57 28 48 8b 48 08 8b 34 91 85 f6 74 5d 49 8b
0x00007fffaa1e5daf:   45 08 8b ce 48 c1 e9 08 8b de 4c 8b 04 c8 4d 3b
0x00007fffaa1e5dbf:   c3 75 18 8b d6 49 8b cd e8 34 4f de ff 4c 8b 55
0x00007fffaa1e5dcf:   97 4c 8d 1d 89 f0 64 00 4c 8b c0 0f b6 cb ba 01
0x00007fffaa1e5ddf:   00 00 00 48 c1 eb 06 80 e1 3f 83 e3 03 48 d3 e2
0x00007fffaa1e5def:   49 8b 0c d8 48 8b c1 48 0b c2 49 89 04 d8 48 8b
0x00007fffaa1e5dff:   5d 77 48 85 ca 75 04 41 ff 45 00 48 8b 43 08 48
0x00007fffaa1e5e0f:   8b ce 48 c1 e9 08 4c 8b ce 49 c1 e9 06 41 b8 01
0x00007fffaa1e5e1f:   00 00 00 41 83 e1 03 48 8b 14 c8 40 0f b6 ce 80
0x00007fffaa1e5e2f:   e1 3f 49 d3 e0 49 8b c0 4a 8b 0c ca 48 f7 d0 48
0x00007fffaa1e5e3f:   23 c1 4a 89 04 ca 49 85 c8 74 02 ff 0b 41 8b 47
0x00007fffaa1e5e4f:   18 83 f8 01 0f 86 af 00 00 00 4c 8b 6d 77 44 8d
0x00007fffaa1e5e5f:   70 ff be 08 00 00 00 66 66 0f 1f 84 00 00 00 00
0x00007fffaa1e5e6f:   00 49 8b 47 08 48 8b 0c 06 48 8b 47 38 8b 51 28
0x00007fffaa1e5e7f:   48 8b 48 78 4c 39 14 d1 74 69 48 8b 47 40 48 63
0x00007fffaa1e5e8f:   d2 48 8b 48 08 8b 14 91 85 d2 74 57 49 8b 45 08
0x00007fffaa1e5e9f:   8b ca 48 c1 e9 08 8b da 4c 8b 04 c8 4d 3b c3 75
0x00007fffaa1e5eaf:   16 49 8b cd e8 48 4e de ff 4c 8b 55 97 4c 8d 1d
0x00007fffaa1e5ebf:   9d ef 64 00 4c 8b c0 0f b6 cb ba 01 00 00 00 48
0x00007fffaa1e5ecf:   c1 eb 06 80 e1 3f 83 e3 03 48 d3 e2 49 8b 0c d8
0x00007fffaa1e5edf:   48 8b c1 48 0b c2 49 89 04 d8 48 85 ca 75 04 41 


Stack slot to memory mapping:

stack at sp + 0 slots: 0x00000000000002d6 is an unknown value
stack at sp + 1 slots: 0x000000806f5fc9c0 is pointing into the stack for thread: 0x000001f66d911650
stack at sp + 2 slots: 0x000001f677b84290 points into unknown readable memory: 0x00007fffaa5a6fb0 | b0 6f 5a aa ff 7f 00 00
stack at sp + 3 slots: 0x000000806f5fca19 is pointing into the stack for thread: 0x000001f66d911650
stack at sp + 4 slots: 0x000000806f5fca10 is pointing into the stack for thread: 0x000001f66d911650
stack at sp + 5 slots: 0x00007fffaa21f20a jvm.dll
stack at sp + 6 slots: 0x000001f672857f80 points into unknown readable memory: 0x00007fffaa5a6fb0 | b0 6f 5a aa ff 7f 00 00
stack at sp + 7 slots: 0x000001f66d912170 points into unknown readable memory: 0x8000001200000001 | 01 00 00 00 12 00 00 80


---------------  P R O C E S S  ---------------

Threads class SMR info:
_java_thread_list=0x000001f677a36d30, length=21, elements={
0x000001f66d908980, 0x000001f66d90a1f0, 0x000001f66d90e720, 0x000001f66d90f180,
0x000001f66d90fe60, 0x000001f66d9108c0, 0x000001f66d911650, 0x000001f66d96e580,
0x000001f66db68b60, 0x000001f66db72f70, 0x000001f67528fab0, 0x000001f676372200,
0x000001f6770559a0, 0x000001f66dba43c0, 0x000001f67705a1d0, 0x000001f677057a70,
0x000001f6770566c0, 0x000001f67705aef0, 0x000001f677058e20, 0x000001f677058100,
0x000001f6770573e0
}

Java Threads: ( => current thread )
  0x000001f66d908980 JavaThread "Reference Handler"          daemon [_thread_blocked, id=14792, stack(0x000000806ef00000,0x000000806f000000) (1024K)]
  0x000001f66d90a1f0 JavaThread "Finalizer"                  daemon [_thread_blocked, id=10532, stack(0x000000806f000000,0x000000806f100000) (1024K)]
  0x000001f66d90e720 JavaThread "Signal Dispatcher"          daemon [_thread_blocked, id=616, stack(0x000000806f100000,0x000000806f200000) (1024K)]
  0x000001f66d90f180 JavaThread "Attach Listener"            daemon [_thread_blocked, id=10764, stack(0x000000806f200000,0x000000806f300000) (1024K)]
  0x000001f66d90fe60 JavaThread "Service Thread"             daemon [_thread_blocked, id=11084, stack(0x000000806f300000,0x000000806f400000) (1024K)]
  0x000001f66d9108c0 JavaThread "Monitor Deflation Thread"   daemon [_thread_blocked, id=12804, stack(0x000000806f400000,0x000000806f500000) (1024K)]
=>0x000001f66d911650 JavaThread "C2 CompilerThread0"         daemon [_thread_in_native, id=10844, stack(0x000000806f500000,0x000000806f600000) (1024K)]
  0x000001f66d96e580 JavaThread "C1 CompilerThread0"         daemon [_thread_blocked, id=12780, stack(0x000000806f600000,0x000000806f700000) (1024K)]
  0x000001f66db68b60 JavaThread "Notification Thread"        daemon [_thread_blocked, id=17128, stack(0x000000806f700000,0x000000806f800000) (1024K)]
  0x000001f66db72f70 JavaThread "Common-Cleaner"             daemon [_thread_blocked, id=12832, stack(0x000000806f800000,0x000000806f900000) (1024K)]
  0x000001f67528fab0 JavaThread "mysql-cj-abandoned-connection-cleanup" daemon [_thread_blocked, id=14604, stack(0x000000806ff00000,0x0000008070000000) (1024K)]
  0x000001f676372200 JavaThread "Live Reload Server"         daemon [_thread_in_native, id=9316, stack(0x0000008070700000,0x0000008070800000) (1024K)]
  0x000001f6770559a0 JavaThread "DestroyJavaVM"                     [_thread_blocked, id=72, stack(0x000000806e600000,0x000000806e700000) (1024K)]
  0x000001f66dba43c0 JavaThread "C2 CompilerThread1"         daemon [_thread_in_native, id=10252, stack(0x000000806e700000,0x000000806e800000) (1024K)]
  0x000001f67705a1d0 JavaThread "Thread-19"                         [_thread_blocked, id=3864, stack(0x000000806e400000,0x000000806e500000) (1024K)]
  0x000001f677057a70 JavaThread "restartedMain"                     [_thread_in_Java, id=4680, stack(0x000000806fe00000,0x000000806ff00000) (1024K)]
  0x000001f6770566c0 JavaThread "HikariPool-6 housekeeper"   daemon [_thread_blocked, id=14924, stack(0x000000806fd00000,0x000000806fe00000) (1024K)]
  0x000001f67705aef0 JavaThread "HikariPool-6 connection adder" daemon [_thread_blocked, id=10412, stack(0x0000008070000000,0x0000008070100000) (1024K)]
  0x000001f677058e20 JavaThread "Catalina-utility-1"                [_thread_blocked, id=11032, stack(0x0000008070100000,0x0000008070200000) (1024K)]
  0x000001f677058100 JavaThread "Catalina-utility-2"                [_thread_blocked, id=13304, stack(0x0000008070200000,0x0000008070300000) (1024K)]
  0x000001f6770573e0 JavaThread "container-0"                       [_thread_blocked, id=2760, stack(0x0000008070300000,0x0000008070400000) (1024K)]
Total: 21

Other Threads:
  0x000001f66d8e7370 VMThread "VM Thread"                           [id=2968, stack(0x000000806ee00000,0x000000806ef00000) (1024K)]
  0x000001f66d8ccc70 WatcherThread "VM Periodic Task Thread"        [id=3360, stack(0x000000806ed00000,0x000000806ee00000) (1024K)]
  0x000001f65188e1a0 WorkerThread "GC Thread#0"                     [id=11324, stack(0x000000806e800000,0x000000806e900000) (1024K)]
  0x000001f672491480 WorkerThread "GC Thread#1"                     [id=15052, stack(0x000000806fa00000,0x000000806fb00000) (1024K)]
  0x000001f672491820 WorkerThread "GC Thread#2"                     [id=1136, stack(0x000000806fb00000,0x000000806fc00000) (1024K)]
  0x000001f6724cf620 WorkerThread "GC Thread#3"                     [id=3512, stack(0x000000806fc00000,0x000000806fd00000) (1024K)]
  0x000001f65189f5d0 ConcurrentGCThread "G1 Main Marker"            [id=15528, stack(0x000000806e900000,0x000000806ea00000) (1024K)]
  0x000001f6518a00d0 WorkerThread "G1 Conc#0"                       [id=6664, stack(0x000000806ea00000,0x000000806eb00000) (1024K)]
  0x000001f66d7930c0 ConcurrentGCThread "G1 Refine#0"               [id=9852, stack(0x000000806eb00000,0x000000806ec00000) (1024K)]
  0x000001f66d794230 ConcurrentGCThread "G1 Service"                [id=9040, stack(0x000000806ec00000,0x000000806ed00000) (1024K)]
Total: 10

Threads with active compile tasks:
C2 CompilerThread0  2628319 20564       4       org.antlr.v4.runtime.BufferedTokenStream::fetch (89 bytes)
C1 CompilerThread0  2628319 20644       3       org.springframework.web.servlet.mvc.condition.AbstractRequestCondition::equals (41 bytes)
C2 CompilerThread1  2628319 20618       4       java.lang.invoke.BoundMethodHandle$SpeciesData::extendWith (64 bytes)
Total: 3

VM state: not at safepoint (normal execution)

VM Mutex/Monitor currently owned by a thread: None

Heap address: 0x0000000081e00000, size: 2018 MB, Compressed Oops mode: 32-bit

CDS archive(s) mapped at: [0x000001f600000000-0x000001f600c90000-0x000001f600c90000), size 13172736, SharedBaseAddress: 0x000001f600000000, ArchiveRelocationMode: 1.
Compressed class space mapped at: 0x000001f601000000-0x000001f641000000, reserved size: 1073741824
Narrow klass base: 0x000001f600000000, Narrow klass shift: 0, Narrow klass range: 0x100000000

GC Precious Log:
 CardTable entry size: 512
 Card Set container configuration: InlinePtr #cards 5 size 8 Array Of Cards #cards 12 size 40 Howl #buckets 4 coarsen threshold 1843 Howl Bitmap #cards 512 size 80 coarsen threshold 460 Card regions per heap region 1 cards per card region 2048
 CPUs: 4 total, 4 available
 Memory: 8071M
 Large Page Support: Disabled
 NUMA Support: Disabled
 Compressed Oops: Enabled (32-bit)
 Heap Region Size: 1M
 Heap Min Capacity: 8M
 Heap Initial Capacity: 128M
 Heap Max Capacity: 2018M
 Pre-touch: Disabled
 Parallel Workers: 4
 Concurrent Workers: 1
 Concurrent Refinement Workers: 4
 Periodic GC: Disabled

Heap:
 garbage-first heap   total 150528K, used 88477K [0x0000000081e00000, 0x0000000100000000)
  region size 1024K, 36 young (36864K), 10 survivors (10240K)
 Metaspace       used 108459K, committed 109120K, reserved 1179648K
  class space    used 13528K, committed 13824K, reserved 1048576K

Heap Regions: E=young(eden), S=young(survivor), O=old, HS=humongous(starts), HC=humongous(continues), CS=collection set, F=free, TAMS=top-at-mark-start, PB=parsable bottom
|   0|0x0000000081e00000, 0x0000000081f00000, 0x0000000081f00000|100%|HS|  |TAMS 0x0000000081e00000| PB 0x0000000081e00000| Complete 
|   1|0x0000000081f00000, 0x0000000082000000, 0x0000000082000000|100%|HS|  |TAMS 0x0000000081f00000| PB 0x0000000081f00000| Complete 
|   2|0x0000000082000000, 0x0000000082100000, 0x0000000082100000|100%| O|  |TAMS 0x0000000082000000| PB 0x0000000082000000| Untracked 
|   3|0x0000000082100000, 0x00000000821fffe0, 0x0000000082200000| 99%| O|  |TAMS 0x0000000082100000| PB 0x0000000082100000| Untracked 
|   4|0x0000000082200000, 0x00000000822fff98, 0x0000000082300000| 99%| O|  |TAMS 0x0000000082200000| PB 0x0000000082200000| Untracked 
|   5|0x0000000082300000, 0x0000000082400000, 0x0000000082400000|100%| O|  |TAMS 0x0000000082300000| PB 0x0000000082300000| Untracked 
|   6|0x0000000082400000, 0x0000000082500000, 0x0000000082500000|100%| O|  |TAMS 0x0000000082400000| PB 0x0000000082400000| Untracked 
|   7|0x0000000082500000, 0x0000000082600000, 0x0000000082600000|100%| O|  |TAMS 0x0000000082500000| PB 0x0000000082500000| Untracked 
|   8|0x0000000082600000, 0x0000000082700000, 0x0000000082700000|100%| O|  |TAMS 0x0000000082600000| PB 0x0000000082600000| Untracked 
|   9|0x0000000082700000, 0x00000000827fffd8, 0x0000000082800000| 99%| O|  |TAMS 0x0000000082700000| PB 0x0000000082700000| Untracked 
|  10|0x0000000082800000, 0x00000000828ffff0, 0x0000000082900000| 99%| O|  |TAMS 0x0000000082800000| PB 0x0000000082800000| Untracked 
|  11|0x0000000082900000, 0x00000000829ffff0, 0x0000000082a00000| 99%| O|  |TAMS 0x0000000082900000| PB 0x0000000082900000| Untracked 
|  12|0x0000000082a00000, 0x0000000082aff7d8, 0x0000000082b00000| 99%| O|  |TAMS 0x0000000082a00000| PB 0x0000000082a00000| Untracked 
|  13|0x0000000082b00000, 0x0000000082bfffc8, 0x0000000082c00000| 99%| O|  |TAMS 0x0000000082b00000| PB 0x0000000082b00000| Untracked 
|  14|0x0000000082c00000, 0x0000000082cfffd8, 0x0000000082d00000| 99%| O|  |TAMS 0x0000000082c00000| PB 0x0000000082c00000| Untracked 
|  15|0x0000000082d00000, 0x0000000082dffff0, 0x0000000082e00000| 99%| O|  |TAMS 0x0000000082d00000| PB 0x0000000082d00000| Untracked 
|  16|0x0000000082e00000, 0x0000000082f00000, 0x0000000082f00000|100%| O|  |TAMS 0x0000000082e00000| PB 0x0000000082e00000| Untracked 
|  17|0x0000000082f00000, 0x0000000082ffffd8, 0x0000000083000000| 99%| O|  |TAMS 0x0000000082f00000| PB 0x0000000082f00000| Untracked 
|  18|0x0000000083000000, 0x00000000830fffe8, 0x0000000083100000| 99%| O|  |TAMS 0x0000000083000000| PB 0x0000000083000000| Untracked 
|  19|0x0000000083100000, 0x0000000083200000, 0x0000000083200000|100%| O|  |TAMS 0x0000000083100000| PB 0x0000000083100000| Untracked 
|  20|0x0000000083200000, 0x00000000832ffff8, 0x0000000083300000| 99%| O|  |TAMS 0x0000000083200000| PB 0x0000000083200000| Untracked 
|  21|0x0000000083300000, 0x00000000833ffff8, 0x0000000083400000| 99%| O|  |TAMS 0x0000000083300000| PB 0x0000000083300000| Untracked 
|  22|0x0000000083400000, 0x00000000834fffe8, 0x0000000083500000| 99%| O|  |TAMS 0x0000000083400000| PB 0x0000000083400000| Untracked 
|  23|0x0000000083500000, 0x00000000835ffd00, 0x0000000083600000| 99%| O|  |TAMS 0x0000000083500000| PB 0x0000000083500000| Untracked 
|  24|0x0000000083600000, 0x00000000836fffa8, 0x0000000083700000| 99%| O|  |TAMS 0x0000000083600000| PB 0x0000000083600000| Untracked 
|  25|0x0000000083700000, 0x0000000083800000, 0x0000000083800000|100%| O|  |TAMS 0x0000000083700000| PB 0x0000000083700000| Untracked 
|  26|0x0000000083800000, 0x0000000083900000, 0x0000000083900000|100%| O|  |TAMS 0x0000000083800000| PB 0x0000000083800000| Untracked 
|  27|0x0000000083900000, 0x0000000083a00000, 0x0000000083a00000|100%| O|  |TAMS 0x0000000083900000| PB 0x0000000083900000| Untracked 
|  28|0x0000000083a00000, 0x0000000083b00000, 0x0000000083b00000|100%| O|  |TAMS 0x0000000083a00000| PB 0x0000000083a00000| Untracked 
|  29|0x0000000083b00000, 0x0000000083bffff0, 0x0000000083c00000| 99%| O|  |TAMS 0x0000000083b00000| PB 0x0000000083b00000| Untracked 
|  30|0x0000000083c00000, 0x0000000083cfff88, 0x0000000083d00000| 99%| O|  |TAMS 0x0000000083c00000| PB 0x0000000083c00000| Untracked 
|  31|0x0000000083d00000, 0x0000000083dffff0, 0x0000000083e00000| 99%| O|  |TAMS 0x0000000083d00000| PB 0x0000000083d00000| Untracked 
|  32|0x0000000083e00000, 0x0000000083ef9b00, 0x0000000083f00000| 97%| O|  |TAMS 0x0000000083e00000| PB 0x0000000083e00000| Untracked 
|  33|0x0000000083f00000, 0x0000000083ffffd0, 0x0000000084000000| 99%| O|  |TAMS 0x0000000083f00000| PB 0x0000000083f00000| Untracked 
|  34|0x0000000084000000, 0x0000000084100000, 0x0000000084100000|100%| O|  |TAMS 0x0000000084000000| PB 0x0000000084000000| Untracked 
|  35|0x0000000084100000, 0x00000000841fffd0, 0x0000000084200000| 99%| O|  |TAMS 0x0000000084100000| PB 0x0000000084100000| Untracked 
|  36|0x0000000084200000, 0x00000000842fffc8, 0x0000000084300000| 99%| O|  |TAMS 0x0000000084200000| PB 0x0000000084200000| Untracked 
|  37|0x0000000084300000, 0x00000000843ffff0, 0x0000000084400000| 99%| O|  |TAMS 0x0000000084300000| PB 0x0000000084300000| Untracked 
|  38|0x0000000084400000, 0x00000000844fffa8, 0x0000000084500000| 99%| O|  |TAMS 0x0000000084400000| PB 0x0000000084400000| Untracked 
|  39|0x0000000084500000, 0x0000000084600000, 0x0000000084600000|100%| O|  |TAMS 0x0000000084500000| PB 0x0000000084500000| Untracked 
|  40|0x0000000084600000, 0x00000000846ffff0, 0x0000000084700000| 99%| O|  |TAMS 0x0000000084600000| PB 0x0000000084600000| Untracked 
|  41|0x0000000084700000, 0x00000000847fffd0, 0x0000000084800000| 99%| O|  |TAMS 0x0000000084700000| PB 0x0000000084700000| Untracked 
|  42|0x0000000084800000, 0x00000000848ffff8, 0x0000000084900000| 99%| O|  |TAMS 0x0000000084800000| PB 0x0000000084800000| Untracked 
|  43|0x0000000084900000, 0x0000000084a00000, 0x0000000084a00000|100%| O|  |TAMS 0x0000000084900000| PB 0x0000000084900000| Untracked 
|  44|0x0000000084a00000, 0x0000000084afffd8, 0x0000000084b00000| 99%| O|  |TAMS 0x0000000084a00000| PB 0x0000000084a00000| Untracked 
|  45|0x0000000084b00000, 0x0000000084bfffd8, 0x0000000084c00000| 99%| O|  |TAMS 0x0000000084b00000| PB 0x0000000084b00000| Untracked 
|  46|0x0000000084c00000, 0x0000000084cffff8, 0x0000000084d00000| 99%| O|  |TAMS 0x0000000084c00000| PB 0x0000000084c00000| Untracked 
|  47|0x0000000084d00000, 0x0000000084dfffc8, 0x0000000084e00000| 99%| O|  |TAMS 0x0000000084d00000| PB 0x0000000084d00000| Untracked 
|  48|0x0000000084e00000, 0x0000000084eec258, 0x0000000084f00000| 92%| O|  |TAMS 0x0000000084e00000| PB 0x0000000084e00000| Untracked 
|  49|0x0000000084f00000, 0x0000000084ffffe8, 0x0000000085000000| 99%| O|  |TAMS 0x0000000084f00000| PB 0x0000000084f00000| Untracked 
|  50|0x0000000085000000, 0x0000000085100000, 0x0000000085100000|100%| O|  |TAMS 0x0000000085000000| PB 0x0000000085000000| Untracked 
|  51|0x0000000085100000, 0x0000000085100000, 0x0000000085200000|  0%| F|  |TAMS 0x0000000085100000| PB 0x0000000085100000| Untracked 
|  52|0x0000000085200000, 0x00000000852858d8, 0x0000000085300000| 52%| O|  |TAMS 0x0000000085200000| PB 0x0000000085200000| Untracked 
|  53|0x0000000085300000, 0x0000000085337328, 0x0000000085400000| 21%| O|Cm|TAMS 0x0000000085300000| PB 0x0000000085300000| Complete 
|  54|0x0000000085400000, 0x0000000085400000, 0x0000000085500000|  0%| F|  |TAMS 0x0000000085400000| PB 0x0000000085400000| Untracked 
|  55|0x0000000085500000, 0x0000000085500000, 0x0000000085600000|  0%| F|  |TAMS 0x0000000085500000| PB 0x0000000085500000| Untracked 
|  56|0x0000000085600000, 0x0000000085600000, 0x0000000085700000|  0%| F|  |TAMS 0x0000000085600000| PB 0x0000000085600000| Untracked 
|  57|0x0000000085700000, 0x0000000085700000, 0x0000000085800000|  0%| F|  |TAMS 0x0000000085700000| PB 0x0000000085700000| Untracked 
|  58|0x0000000085800000, 0x0000000085800000, 0x0000000085900000|  0%| F|  |TAMS 0x0000000085800000| PB 0x0000000085800000| Untracked 
|  59|0x0000000085900000, 0x0000000085900000, 0x0000000085a00000|  0%| F|  |TAMS 0x0000000085900000| PB 0x0000000085900000| Untracked 
|  60|0x0000000085a00000, 0x0000000085a00000, 0x0000000085b00000|  0%| F|  |TAMS 0x0000000085a00000| PB 0x0000000085a00000| Untracked 
|  61|0x0000000085b00000, 0x0000000085b00000, 0x0000000085c00000|  0%| F|  |TAMS 0x0000000085b00000| PB 0x0000000085b00000| Untracked 
|  62|0x0000000085c00000, 0x0000000085cc5d70, 0x0000000085d00000| 77%| S|CS|TAMS 0x0000000085c00000| PB 0x0000000085c00000| Complete 
|  63|0x0000000085d00000, 0x0000000085e00000, 0x0000000085e00000|100%| S|CS|TAMS 0x0000000085d00000| PB 0x0000000085d00000| Complete 
|  64|0x0000000085e00000, 0x0000000085f00000, 0x0000000085f00000|100%| S|CS|TAMS 0x0000000085e00000| PB 0x0000000085e00000| Complete 
|  65|0x0000000085f00000, 0x0000000086000000, 0x0000000086000000|100%| S|CS|TAMS 0x0000000085f00000| PB 0x0000000085f00000| Complete 
|  66|0x0000000086000000, 0x0000000086100000, 0x0000000086100000|100%| S|CS|TAMS 0x0000000086000000| PB 0x0000000086000000| Complete 
|  67|0x0000000086100000, 0x0000000086200000, 0x0000000086200000|100%| S|CS|TAMS 0x0000000086100000| PB 0x0000000086100000| Complete 
|  68|0x0000000086200000, 0x0000000086300000, 0x0000000086300000|100%| S|CS|TAMS 0x0000000086200000| PB 0x0000000086200000| Complete 
|  69|0x0000000086300000, 0x0000000086400000, 0x0000000086400000|100%| S|CS|TAMS 0x0000000086300000| PB 0x0000000086300000| Complete 
|  70|0x0000000086400000, 0x0000000086500000, 0x0000000086500000|100%| S|CS|TAMS 0x0000000086400000| PB 0x0000000086400000| Complete 
|  71|0x0000000086500000, 0x0000000086600000, 0x0000000086600000|100%| S|CS|TAMS 0x0000000086500000| PB 0x0000000086500000| Complete 
|  72|0x0000000086600000, 0x0000000086600000, 0x0000000086700000|  0%| F|  |TAMS 0x0000000086600000| PB 0x0000000086600000| Untracked 
|  73|0x0000000086700000, 0x0000000086700000, 0x0000000086800000|  0%| F|  |TAMS 0x0000000086700000| PB 0x0000000086700000| Untracked 
|  74|0x0000000086800000, 0x0000000086800000, 0x0000000086900000|  0%| F|  |TAMS 0x0000000086800000| PB 0x0000000086800000| Untracked 
|  75|0x0000000086900000, 0x0000000086900000, 0x0000000086a00000|  0%| F|  |TAMS 0x0000000086900000| PB 0x0000000086900000| Untracked 
|  76|0x0000000086a00000, 0x0000000086a00000, 0x0000000086b00000|  0%| F|  |TAMS 0x0000000086a00000| PB 0x0000000086a00000| Untracked 
|  77|0x0000000086b00000, 0x0000000086b00000, 0x0000000086c00000|  0%| F|  |TAMS 0x0000000086b00000| PB 0x0000000086b00000| Untracked 
|  78|0x0000000086c00000, 0x0000000086c00000, 0x0000000086d00000|  0%| F|  |TAMS 0x0000000086c00000| PB 0x0000000086c00000| Untracked 
|  79|0x0000000086d00000, 0x0000000086d00000, 0x0000000086e00000|  0%| F|  |TAMS 0x0000000086d00000| PB 0x0000000086d00000| Untracked 
|  80|0x0000000086e00000, 0x0000000086e00000, 0x0000000086f00000|  0%| F|  |TAMS 0x0000000086e00000| PB 0x0000000086e00000| Untracked 
|  81|0x0000000086f00000, 0x0000000086f00000, 0x0000000087000000|  0%| F|  |TAMS 0x0000000086f00000| PB 0x0000000086f00000| Untracked 
|  82|0x0000000087000000, 0x0000000087000000, 0x0000000087100000|  0%| F|  |TAMS 0x0000000087000000| PB 0x0000000087000000| Untracked 
|  83|0x0000000087100000, 0x0000000087100000, 0x0000000087200000|  0%| F|  |TAMS 0x0000000087100000| PB 0x0000000087100000| Untracked 
|  84|0x0000000087200000, 0x0000000087200000, 0x0000000087300000|  0%| F|  |TAMS 0x0000000087200000| PB 0x0000000087200000| Untracked 
|  85|0x0000000087300000, 0x0000000087300000, 0x0000000087400000|  0%| F|  |TAMS 0x0000000087300000| PB 0x0000000087300000| Untracked 
|  86|0x0000000087400000, 0x0000000087400000, 0x0000000087500000|  0%| F|  |TAMS 0x0000000087400000| PB 0x0000000087400000| Untracked 
|  87|0x0000000087500000, 0x0000000087500000, 0x0000000087600000|  0%| F|  |TAMS 0x0000000087500000| PB 0x0000000087500000| Untracked 
|  88|0x0000000087600000, 0x0000000087600000, 0x0000000087700000|  0%| F|  |TAMS 0x0000000087600000| PB 0x0000000087600000| Untracked 
|  89|0x0000000087700000, 0x0000000087700000, 0x0000000087800000|  0%| F|  |TAMS 0x0000000087700000| PB 0x0000000087700000| Untracked 
|  90|0x0000000087800000, 0x0000000087800000, 0x0000000087900000|  0%| F|  |TAMS 0x0000000087800000| PB 0x0000000087800000| Untracked 
|  91|0x0000000087900000, 0x0000000087900000, 0x0000000087a00000|  0%| F|  |TAMS 0x0000000087900000| PB 0x0000000087900000| Untracked 
|  92|0x0000000087a00000, 0x0000000087a00000, 0x0000000087b00000|  0%| F|  |TAMS 0x0000000087a00000| PB 0x0000000087a00000| Untracked 
|  93|0x0000000087b00000, 0x0000000087b00000, 0x0000000087c00000|  0%| F|  |TAMS 0x0000000087b00000| PB 0x0000000087b00000| Untracked 
|  94|0x0000000087c00000, 0x0000000087c00000, 0x0000000087d00000|  0%| F|  |TAMS 0x0000000087c00000| PB 0x0000000087c00000| Untracked 
|  95|0x0000000087d00000, 0x0000000087d00000, 0x0000000087e00000|  0%| F|  |TAMS 0x0000000087d00000| PB 0x0000000087d00000| Untracked 
|  96|0x0000000087e00000, 0x0000000087e00000, 0x0000000087f00000|  0%| F|  |TAMS 0x0000000087e00000| PB 0x0000000087e00000| Untracked 
|  97|0x0000000087f00000, 0x0000000087f00000, 0x0000000088000000|  0%| F|  |TAMS 0x0000000087f00000| PB 0x0000000087f00000| Untracked 
|  98|0x0000000088000000, 0x0000000088000000, 0x0000000088100000|  0%| F|  |TAMS 0x0000000088000000| PB 0x0000000088000000| Untracked 
|  99|0x0000000088100000, 0x0000000088100000, 0x0000000088200000|  0%| F|  |TAMS 0x0000000088100000| PB 0x0000000088100000| Untracked 
| 100|0x0000000088200000, 0x0000000088200000, 0x0000000088300000|  0%| F|  |TAMS 0x0000000088200000| PB 0x0000000088200000| Untracked 
| 101|0x0000000088300000, 0x0000000088300000, 0x0000000088400000|  0%| F|  |TAMS 0x0000000088300000| PB 0x0000000088300000| Untracked 
| 102|0x0000000088400000, 0x0000000088400000, 0x0000000088500000|  0%| F|  |TAMS 0x0000000088400000| PB 0x0000000088400000| Untracked 
| 103|0x0000000088500000, 0x0000000088500000, 0x0000000088600000|  0%| F|  |TAMS 0x0000000088500000| PB 0x0000000088500000| Untracked 
| 104|0x0000000088600000, 0x0000000088600000, 0x0000000088700000|  0%| F|  |TAMS 0x0000000088600000| PB 0x0000000088600000| Untracked 
| 105|0x0000000088700000, 0x0000000088700000, 0x0000000088800000|  0%| F|  |TAMS 0x0000000088700000| PB 0x0000000088700000| Untracked 
| 106|0x0000000088800000, 0x0000000088800000, 0x0000000088900000|  0%| F|  |TAMS 0x0000000088800000| PB 0x0000000088800000| Untracked 
| 107|0x0000000088900000, 0x0000000088900000, 0x0000000088a00000|  0%| F|  |TAMS 0x0000000088900000| PB 0x0000000088900000| Untracked 
| 108|0x0000000088a00000, 0x0000000088a00000, 0x0000000088b00000|  0%| F|  |TAMS 0x0000000088a00000| PB 0x0000000088a00000| Untracked 
| 109|0x0000000088b00000, 0x0000000088b00000, 0x0000000088c00000|  0%| F|  |TAMS 0x0000000088b00000| PB 0x0000000088b00000| Untracked 
| 110|0x0000000088c00000, 0x0000000088c00000, 0x0000000088d00000|  0%| F|  |TAMS 0x0000000088c00000| PB 0x0000000088c00000| Untracked 
| 111|0x0000000088d00000, 0x0000000088d00000, 0x0000000088e00000|  0%| F|  |TAMS 0x0000000088d00000| PB 0x0000000088d00000| Untracked 
| 112|0x0000000088e00000, 0x0000000088e00000, 0x0000000088f00000|  0%| F|  |TAMS 0x0000000088e00000| PB 0x0000000088e00000| Untracked 
| 113|0x0000000088f00000, 0x0000000088f00000, 0x0000000089000000|  0%| F|  |TAMS 0x0000000088f00000| PB 0x0000000088f00000| Untracked 
| 114|0x0000000089000000, 0x0000000089000000, 0x0000000089100000|  0%| F|  |TAMS 0x0000000089000000| PB 0x0000000089000000| Untracked 
| 115|0x0000000089100000, 0x0000000089100000, 0x0000000089200000|  0%| F|  |TAMS 0x0000000089100000| PB 0x0000000089100000| Untracked 
| 116|0x0000000089200000, 0x0000000089200000, 0x0000000089300000|  0%| F|  |TAMS 0x0000000089200000| PB 0x0000000089200000| Untracked 
| 117|0x0000000089300000, 0x0000000089300000, 0x0000000089400000|  0%| F|  |TAMS 0x0000000089300000| PB 0x0000000089300000| Untracked 
| 118|0x0000000089400000, 0x0000000089400000, 0x0000000089500000|  0%| F|  |TAMS 0x0000000089400000| PB 0x0000000089400000| Untracked 
| 119|0x0000000089500000, 0x0000000089500000, 0x0000000089600000|  0%| F|  |TAMS 0x0000000089500000| PB 0x0000000089500000| Untracked 
| 120|0x0000000089600000, 0x0000000089680800, 0x0000000089700000| 50%| E|  |TAMS 0x0000000089600000| PB 0x0000000089600000| Complete 
| 121|0x0000000089700000, 0x0000000089800000, 0x0000000089800000|100%| E|CS|TAMS 0x0000000089700000| PB 0x0000000089700000| Complete 
| 122|0x0000000089800000, 0x0000000089900000, 0x0000000089900000|100%| E|CS|TAMS 0x0000000089800000| PB 0x0000000089800000| Complete 
| 123|0x0000000089900000, 0x0000000089a00000, 0x0000000089a00000|100%| E|CS|TAMS 0x0000000089900000| PB 0x0000000089900000| Complete 
| 124|0x0000000089a00000, 0x0000000089b00000, 0x0000000089b00000|100%| E|CS|TAMS 0x0000000089a00000| PB 0x0000000089a00000| Complete 
| 125|0x0000000089b00000, 0x0000000089c00000, 0x0000000089c00000|100%| E|CS|TAMS 0x0000000089b00000| PB 0x0000000089b00000| Complete 
| 126|0x0000000089c00000, 0x0000000089d00000, 0x0000000089d00000|100%| E|CS|TAMS 0x0000000089c00000| PB 0x0000000089c00000| Complete 
| 127|0x0000000089d00000, 0x0000000089e00000, 0x0000000089e00000|100%| E|CS|TAMS 0x0000000089d00000| PB 0x0000000089d00000| Complete 
| 128|0x0000000089e00000, 0x0000000089f00000, 0x0000000089f00000|100%| E|CS|TAMS 0x0000000089e00000| PB 0x0000000089e00000| Complete 
| 129|0x0000000089f00000, 0x000000008a000000, 0x000000008a000000|100%| E|CS|TAMS 0x0000000089f00000| PB 0x0000000089f00000| Complete 
| 130|0x000000008a000000, 0x000000008a100000, 0x000000008a100000|100%| E|CS|TAMS 0x000000008a000000| PB 0x000000008a000000| Complete 
| 131|0x000000008a100000, 0x000000008a200000, 0x000000008a200000|100%| E|CS|TAMS 0x000000008a100000| PB 0x000000008a100000| Complete 
| 132|0x000000008a200000, 0x000000008a300000, 0x000000008a300000|100%| E|CS|TAMS 0x000000008a200000| PB 0x000000008a200000| Complete 
| 133|0x000000008a300000, 0x000000008a400000, 0x000000008a400000|100%| E|CS|TAMS 0x000000008a300000| PB 0x000000008a300000| Complete 
| 134|0x000000008a400000, 0x000000008a500000, 0x000000008a500000|100%| E|CS|TAMS 0x000000008a400000| PB 0x000000008a400000| Complete 
| 135|0x000000008a500000, 0x000000008a600000, 0x000000008a600000|100%| E|CS|TAMS 0x000000008a500000| PB 0x000000008a500000| Complete 
| 136|0x000000008a600000, 0x000000008a700000, 0x000000008a700000|100%| E|CS|TAMS 0x000000008a600000| PB 0x000000008a600000| Complete 
| 137|0x000000008a700000, 0x000000008a800000, 0x000000008a800000|100%| E|CS|TAMS 0x000000008a700000| PB 0x000000008a700000| Complete 
| 138|0x000000008a800000, 0x000000008a900000, 0x000000008a900000|100%| E|CS|TAMS 0x000000008a800000| PB 0x000000008a800000| Complete 
| 139|0x000000008a900000, 0x000000008aa00000, 0x000000008aa00000|100%| E|CS|TAMS 0x000000008a900000| PB 0x000000008a900000| Complete 
| 140|0x000000008aa00000, 0x000000008ab00000, 0x000000008ab00000|100%| E|CS|TAMS 0x000000008aa00000| PB 0x000000008aa00000| Complete 
| 141|0x000000008ab00000, 0x000000008ac00000, 0x000000008ac00000|100%| E|CS|TAMS 0x000000008ab00000| PB 0x000000008ab00000| Complete 
| 142|0x000000008ac00000, 0x000000008ad00000, 0x000000008ad00000|100%| E|CS|TAMS 0x000000008ac00000| PB 0x000000008ac00000| Complete 
| 143|0x000000008ad00000, 0x000000008ae00000, 0x000000008ae00000|100%| E|CS|TAMS 0x000000008ad00000| PB 0x000000008ad00000| Complete 
| 144|0x000000008ae00000, 0x000000008af00000, 0x000000008af00000|100%| E|CS|TAMS 0x000000008ae00000| PB 0x000000008ae00000| Complete 
| 145|0x000000008af00000, 0x000000008b000000, 0x000000008b000000|100%| E|CS|TAMS 0x000000008af00000| PB 0x000000008af00000| Complete 
| 146|0x000000008b000000, 0x000000008b100000, 0x000000008b100000|100%| E|CS|TAMS 0x000000008b000000| PB 0x000000008b000000| Complete 

Card table byte_map: [0x000001f6690a0000,0x000001f6694a0000] _byte_map_base: 0x000001f668c91000

Marking Bits: (CMBitMap*) 0x000001f65188e8a0
 Bits: [0x000001f6694a0000, 0x000001f66b428000)

Polling page: 0x000001f64f6c0000

Metaspace:

Usage:
  Non-class:     92.71 MB used.
      Class:     13.21 MB used.
       Both:    105.92 MB used.

Virtual space:
  Non-class space:      128.00 MB reserved,      93.06 MB ( 73%) committed,  2 nodes.
      Class space:        1.00 GB reserved,      13.50 MB (  1%) committed,  1 nodes.
             Both:        1.12 GB reserved,     106.56 MB (  9%) committed. 

Chunk freelists:
   Non-Class:  2.13 MB
       Class:  2.32 MB
        Both:  4.45 MB

MaxMetaspaceSize: unlimited
CompressedClassSpaceSize: 1.00 GB
Initial GC threshold: 21.00 MB
Current GC threshold: 175.25 MB
CDS: on
 - commit_granule_bytes: 65536.
 - commit_granule_words: 8192.
 - virtual_space_node_default_size: 8388608.
 - enlarge_chunks_in_place: 1.
 - use_allocation_guard: 0.


Internal statistics:

num_allocs_failed_limit: 6.
num_arena_births: 1328.
num_arena_deaths: 366.
num_vsnodes_births: 3.
num_vsnodes_deaths: 0.
num_space_committed: 1705.
num_space_uncommitted: 0.
num_chunks_returned_to_freelist: 455.
num_chunks_taken_from_freelist: 5818.
num_chunk_merges: 93.
num_chunk_splits: 3768.
num_chunks_enlarged: 2813.
num_inconsistent_stats: 0.

CodeHeap 'non-profiled nmethods': size=120000Kb used=8941Kb max_used=8941Kb free=111058Kb
 bounds [0x000001f661770000, 0x000001f662040000, 0x000001f668ca0000]
CodeHeap 'profiled nmethods': size=120000Kb used=23608Kb max_used=24575Kb free=96391Kb
 bounds [0x000001f659ca0000, 0x000001f65b4e0000, 0x000001f6611d0000]
CodeHeap 'non-nmethods': size=5760Kb used=1846Kb max_used=1922Kb free=3913Kb
 bounds [0x000001f6611d0000, 0x000001f661440000, 0x000001f661770000]
 total_blobs=11230 nmethods=10391 adapters=741
 compilation: enabled
              stopped_count=0, restarted_count=0
 full_count=0

Compilation events (20 events):
Event: 2628.105 Thread 0x000001f66d96e580 20590       3       java.lang.invoke.LambdaForm$MH/0x000001f601b75000::invoke (63 bytes)
Event: 2628.106 Thread 0x000001f66d96e580 nmethod 20590 0x000001f659db8a10 code [0x000001f659db8cc0, 0x000001f659db9b90]
Event: 2628.106 Thread 0x000001f66d96e580 20596       3       org.springframework.data.repository.core.support.QueryExecutorMethodInterceptor::invokeListeners (81 bytes)
Event: 2628.107 Thread 0x000001f66d96e580 nmethod 20596 0x000001f65b1b8210 code [0x000001f65b1b84e0, 0x000001f65b1b93c8]
Event: 2628.107 Thread 0x000001f66d96e580 20592       3       org.springframework.data.jpa.repository.query.JpaQueryLookupStrategy$AbstractQueryLookupStrategy::resolveQuery (38 bytes)
Event: 2628.108 Thread 0x000001f66d96e580 nmethod 20592 0x000001f65ad8f290 code [0x000001f65ad8f460, 0x000001f65ad8f7a0]
Event: 2628.108 Thread 0x000001f66d96e580 20593       3       org.springframework.data.jpa.repository.query.DefaultJpaQueryMethodFactory::build (15 bytes)
Event: 2628.108 Thread 0x000001f66d96e580 nmethod 20593 0x000001f65a58e690 code [0x000001f65a58e840, 0x000001f65a58ea00]
Event: 2628.108 Thread 0x000001f66d96e580 20594       3       org.springframework.data.jpa.repository.query.JpaQueryMethod::<init> (189 bytes)
Event: 2628.113 Thread 0x000001f66d96e580 nmethod 20594 0x000001f65b2db990 code [0x000001f65b2dc140, 0x000001f65b2e1118]
Event: 2628.114 Thread 0x000001f66d96e580 20595       3       org.springframework.data.repository.query.QueryMethod::<init> (134 bytes)
Event: 2628.117 Thread 0x000001f66d96e580 nmethod 20595 0x000001f65b07fb90 code [0x000001f65b080140, 0x000001f65b083498]
Event: 2628.117 Thread 0x000001f66d96e580 20598   !   3       org.springframework.asm.ClassWriter::getCommonSuperClass (141 bytes)
Event: 2628.118 Thread 0x000001f66d96e580 nmethod 20598 0x000001f65b2da390 code [0x000001f65b2da6a0, 0x000001f65b2db338]
Event: 2628.129 Thread 0x000001f66d96e580 20600       3       org.springframework.boot.context.properties.bind.BoundPropertiesTrackingBindHandler::onSuccess (50 bytes)
Event: 2628.130 Thread 0x000001f66d96e580 nmethod 20600 0x000001f65b33c710 code [0x000001f65b33c900, 0x000001f65b33cd60]
Event: 2628.130 Thread 0x000001f66d96e580 20601       3       org.springframework.boot.context.properties.bind.BindHandler::onSuccess (3 bytes)
Event: 2628.130 Thread 0x000001f66d96e580 nmethod 20601 0x000001f65a71b290 code [0x000001f65a71b420, 0x000001f65a71b530]
Event: 2628.130 Thread 0x000001f66d96e580 20603       3       org.springframework.boot.env.OriginTrackedMapPropertySource::getOrigin (9 bytes)
Event: 2628.130 Thread 0x000001f66d96e580 nmethod 20603 0x000001f65b340890 code [0x000001f65b340a80, 0x000001f65b341200]

GC Heap History (20 events):
Event: 2024.712 GC heap before
{Heap before GC invocations=43 (full 2):
 garbage-first heap   total 150528K, used 115013K [0x0000000081e00000, 0x0000000100000000)
  region size 1024K, 59 young (60416K), 8 survivors (8192K)
 Metaspace       used 102079K, committed 102912K, reserved 1179648K
  class space    used 13142K, committed 13504K, reserved 1048576K
}
Event: 2024.971 GC heap after
{Heap after GC invocations=44 (full 3):
 garbage-first heap   total 150528K, used 52186K [0x0000000081e00000, 0x0000000100000000)
  region size 1024K, 0 young (0K), 0 survivors (0K)
 Metaspace       used 102043K, committed 102912K, reserved 1179648K
  class space    used 13138K, committed 13504K, reserved 1048576K
}
Event: 2026.136 GC heap before
{Heap before GC invocations=44 (full 3):
 garbage-first heap   total 150528K, used 103386K [0x0000000081e00000, 0x0000000100000000)
  region size 1024K, 52 young (53248K), 0 survivors (0K)
 Metaspace       used 102660K, committed 103488K, reserved 1179648K
  class space    used 13190K, committed 13568K, reserved 1048576K
}
Event: 2026.147 GC heap after
{Heap after GC invocations=45 (full 3):
 garbage-first heap   total 150528K, used 58021K [0x0000000081e00000, 0x0000000100000000)
  region size 1024K, 6 young (6144K), 6 survivors (6144K)
 Metaspace       used 102660K, committed 103488K, reserved 1179648K
  class space    used 13190K, committed 13568K, reserved 1048576K
}
Event: 2027.417 GC heap before
{Heap before GC invocations=46 (full 3):
 garbage-first heap   total 150528K, used 130725K [0x0000000081e00000, 0x0000000100000000)
  region size 1024K, 76 young (77824K), 6 survivors (6144K)
 Metaspace       used 103425K, committed 104192K, reserved 1179648K
  class space    used 13184K, committed 13568K, reserved 1048576K
}
Event: 2027.427 GC heap after
{Heap after GC invocations=47 (full 3):
 garbage-first heap   total 150528K, used 62426K [0x0000000081e00000, 0x0000000100000000)
  region size 1024K, 10 young (10240K), 10 survivors (10240K)
 Metaspace       used 103425K, committed 104192K, reserved 1179648K
  class space    used 13184K, committed 13568K, reserved 1048576K
}
Event: 2172.603 GC heap before
{Heap before GC invocations=47 (full 3):
 garbage-first heap   total 150528K, used 130010K [0x0000000081e00000, 0x0000000100000000)
  region size 1024K, 76 young (77824K), 10 survivors (10240K)
 Metaspace       used 104253K, committed 104960K, reserved 1179648K
  class space    used 13237K, committed 13568K, reserved 1048576K
}
Event: 2172.619 GC heap after
{Heap after GC invocations=48 (full 3):
 garbage-first heap   total 150528K, used 63335K [0x0000000081e00000, 0x0000000100000000)
  region size 1024K, 3 young (3072K), 3 survivors (3072K)
 Metaspace       used 104253K, committed 104960K, reserved 1179648K
  class space    used 13237K, committed 13568K, reserved 1048576K
}
Event: 2619.367 GC heap before
{Heap before GC invocations=48 (full 3):
 garbage-first heap   total 150528K, used 129895K [0x0000000081e00000, 0x0000000100000000)
  region size 1024K, 69 young (70656K), 3 survivors (3072K)
 Metaspace       used 104282K, committed 104960K, reserved 1179648K
  class space    used 13238K, committed 13568K, reserved 1048576K
}
Event: 2619.514 GC heap after
{Heap after GC invocations=49 (full 4):
 garbage-first heap   total 150528K, used 52549K [0x0000000081e00000, 0x0000000100000000)
  region size 1024K, 0 young (0K), 0 survivors (0K)
 Metaspace       used 104247K, committed 104960K, reserved 1179648K
  class space    used 13234K, committed 13568K, reserved 1048576K
}
Event: 2620.367 GC heap before
{Heap before GC invocations=49 (full 4):
 garbage-first heap   total 150528K, used 103749K [0x0000000081e00000, 0x0000000100000000)
  region size 1024K, 52 young (53248K), 0 survivors (0K)
 Metaspace       used 104849K, committed 105536K, reserved 1179648K
  class space    used 13301K, committed 13632K, reserved 1048576K
}
Event: 2620.374 GC heap after
{Heap after GC invocations=50 (full 4):
 garbage-first heap   total 150528K, used 57669K [0x0000000081e00000, 0x0000000100000000)
  region size 1024K, 5 young (5120K), 5 survivors (5120K)
 Metaspace       used 104849K, committed 105536K, reserved 1179648K
  class space    used 13301K, committed 13632K, reserved 1048576K
}
Event: 2621.460 GC heap before
{Heap before GC invocations=51 (full 4):
 garbage-first heap   total 150528K, used 131397K [0x0000000081e00000, 0x0000000100000000)
  region size 1024K, 76 young (77824K), 5 survivors (5120K)
 Metaspace       used 105704K, committed 106368K, reserved 1179648K
  class space    used 13342K, committed 13632K, reserved 1048576K
}
Event: 2621.470 GC heap after
{Heap after GC invocations=52 (full 4):
 garbage-first heap   total 150528K, used 62220K [0x0000000081e00000, 0x0000000100000000)
  region size 1024K, 10 young (10240K), 10 survivors (10240K)
 Metaspace       used 105704K, committed 106368K, reserved 1179648K
  class space    used 13342K, committed 13632K, reserved 1048576K
}
Event: 2626.111 GC heap before
{Heap before GC invocations=52 (full 4):
 garbage-first heap   total 150528K, used 109324K [0x0000000081e00000, 0x0000000100000000)
  region size 1024K, 57 young (58368K), 10 survivors (10240K)
 Metaspace       used 106401K, committed 107072K, reserved 1179648K
  class space    used 13388K, committed 13696K, reserved 1048576K
}
Event: 2626.283 GC heap after
{Heap after GC invocations=53 (full 5):
 garbage-first heap   total 150528K, used 52870K [0x0000000081e00000, 0x0000000100000000)
  region size 1024K, 0 young (0K), 0 survivors (0K)
 Metaspace       used 106365K, committed 107072K, reserved 1179648K
  class space    used 13384K, committed 13696K, reserved 1048576K
}
Event: 2627.084 GC heap before
{Heap before GC invocations=53 (full 5):
 garbage-first heap   total 150528K, used 104070K [0x0000000081e00000, 0x0000000100000000)
  region size 1024K, 52 young (53248K), 0 survivors (0K)
 Metaspace       used 106959K, committed 107648K, reserved 1179648K
  class space    used 13434K, committed 13760K, reserved 1048576K
}
Event: 2627.091 GC heap after
{Heap after GC invocations=54 (full 5):
 garbage-first heap   total 150528K, used 58384K [0x0000000081e00000, 0x0000000100000000)
  region size 1024K, 6 young (6144K), 6 survivors (6144K)
 Metaspace       used 106959K, committed 107648K, reserved 1179648K
  class space    used 13434K, committed 13760K, reserved 1048576K
}
Event: 2628.015 GC heap before
{Heap before GC invocations=55 (full 5):
 garbage-first heap   total 150528K, used 130064K [0x0000000081e00000, 0x0000000100000000)
  region size 1024K, 75 young (76800K), 6 survivors (6144K)
 Metaspace       used 107730K, committed 108480K, reserved 1179648K
  class space    used 13489K, committed 13824K, reserved 1048576K
}
Event: 2628.024 GC heap after
{Heap after GC invocations=56 (full 5):
 garbage-first heap   total 150528K, used 62877K [0x0000000081e00000, 0x0000000100000000)
  region size 1024K, 10 young (10240K), 10 survivors (10240K)
 Metaspace       used 107730K, committed 108480K, reserved 1179648K
  class space    used 13489K, committed 13824K, reserved 1048576K
}

Dll operation events (12 events):
Event: 0.011 Loaded shared library C:\Program Files\Java\jdk-21\bin\java.dll
Event: 0.059 Loaded shared library C:\Program Files\Java\jdk-21\bin\jsvml.dll
Event: 0.189 Loaded shared library C:\Program Files\Java\jdk-21\bin\net.dll
Event: 0.191 Loaded shared library C:\Program Files\Java\jdk-21\bin\nio.dll
Event: 0.195 Loaded shared library C:\Program Files\Java\jdk-21\bin\zip.dll
Event: 0.405 Loaded shared library C:\Program Files\Java\jdk-21\bin\verify.dll
Event: 0.421 Loaded shared library C:\Program Files\Java\jdk-21\bin\jimage.dll
Event: 1.166 Loaded shared library C:\Program Files\Java\jdk-21\bin\management.dll
Event: 1.171 Loaded shared library C:\Program Files\Java\jdk-21\bin\management_ext.dll
Event: 2.681 Loaded shared library C:\Program Files\Java\jdk-21\bin\sunmscapi.dll
Event: 6.945 Loaded shared library C:\Program Files\Java\jdk-21\bin\extnet.dll
Event: 702.235 Loaded shared library C:\Program Files\Java\jdk-21\bin\awt.dll

Deoptimization events (20 events):
Event: 2627.009 Thread 0x000001f677057a70 Uncommon trap: trap_request=0xffffffd6 fr.pc=0x000001f661b238ec relative=0x000000000000088c
Event: 2627.009 Thread 0x000001f677057a70 Uncommon trap: reason=array_check action=maybe_recompile pc=0x000001f661b238ec method=java.util.TimSort.binarySort([Ljava/lang/Object;IIILjava/util/Comparator;)V @ 193 c2
Event: 2627.009 Thread 0x000001f677057a70 DEOPT PACKING pc=0x000001f661b238ec sp=0x000000806fefb690
Event: 2627.009 Thread 0x000001f677057a70 DEOPT UNPACKING pc=0x000001f6612246a2 sp=0x000000806fefb628 mode 2
Event: 2627.009 Thread 0x000001f677057a70 Uncommon trap: trap_request=0xffffffd6 fr.pc=0x000001f661b238ec relative=0x000000000000088c
Event: 2627.009 Thread 0x000001f677057a70 Uncommon trap: reason=array_check action=maybe_recompile pc=0x000001f661b238ec method=java.util.TimSort.binarySort([Ljava/lang/Object;IIILjava/util/Comparator;)V @ 193 c2
Event: 2627.009 Thread 0x000001f677057a70 DEOPT PACKING pc=0x000001f661b238ec sp=0x000000806fefb690
Event: 2627.009 Thread 0x000001f677057a70 DEOPT UNPACKING pc=0x000001f6612246a2 sp=0x000000806fefb628 mode 2
Event: 2627.149 Thread 0x000001f677057a70 Uncommon trap: trap_request=0xffffffd6 fr.pc=0x000001f661f18fd4 relative=0x0000000000000954
Event: 2627.149 Thread 0x000001f677057a70 Uncommon trap: reason=array_check action=maybe_recompile pc=0x000001f661f18fd4 method=java.util.TimSort.binarySort([Ljava/lang/Object;IIILjava/util/Comparator;)V @ 183 c2
Event: 2627.149 Thread 0x000001f677057a70 DEOPT PACKING pc=0x000001f661f18fd4 sp=0x000000806fef6bd0
Event: 2627.149 Thread 0x000001f677057a70 DEOPT UNPACKING pc=0x000001f6612246a2 sp=0x000000806fef6b78 mode 2
Event: 2627.152 Thread 0x000001f677057a70 Uncommon trap: trap_request=0xffffffd6 fr.pc=0x000001f661f18df0 relative=0x0000000000000770
Event: 2627.152 Thread 0x000001f677057a70 Uncommon trap: reason=array_check action=maybe_recompile pc=0x000001f661f18df0 method=java.util.TimSort.binarySort([Ljava/lang/Object;IIILjava/util/Comparator;)V @ 215 c2
Event: 2627.152 Thread 0x000001f677057a70 DEOPT PACKING pc=0x000001f661f18df0 sp=0x000000806fef6bd0
Event: 2627.152 Thread 0x000001f677057a70 DEOPT UNPACKING pc=0x000001f6612246a2 sp=0x000000806fef6b78 mode 2
Event: 2627.152 Thread 0x000001f677057a70 Uncommon trap: trap_request=0xffffffd6 fr.pc=0x000001f661f18df0 relative=0x0000000000000770
Event: 2627.152 Thread 0x000001f677057a70 Uncommon trap: reason=array_check action=maybe_recompile pc=0x000001f661f18df0 method=java.util.TimSort.binarySort([Ljava/lang/Object;IIILjava/util/Comparator;)V @ 215 c2
Event: 2627.152 Thread 0x000001f677057a70 DEOPT PACKING pc=0x000001f661f18df0 sp=0x000000806fef6bd0
Event: 2627.152 Thread 0x000001f677057a70 DEOPT UNPACKING pc=0x000001f6612246a2 sp=0x000000806fef6b78 mode 2

Classes loaded (20 events):
Event: 787.473 Loading class java/util/stream/ReduceOps$7
Event: 787.474 Loading class java/util/stream/ReduceOps$7 done
Event: 787.474 Loading class java/util/stream/ReduceOps$6ReducingSink
Event: 787.474 Loading class java/util/stream/ReduceOps$6ReducingSink done
Event: 787.474 Loading class java/util/stream/ReferencePipeline$4$1
Event: 787.474 Loading class java/util/stream/ReferencePipeline$4$1 done
Event: 787.481 Loading class sun/nio/cs/ISO_8859_1$Encoder
Event: 787.481 Loading class sun/nio/cs/ISO_8859_1$Encoder done
Event: 940.561 Loading class java/io/FileWriter
Event: 940.562 Loading class java/io/FileWriter done
Event: 940.563 Loading class java/lang/ProcessBuilder
Event: 940.564 Loading class java/lang/ProcessBuilder done
Event: 940.564 Loading class java/lang/ProcessImpl
Event: 940.565 Loading class java/lang/ProcessImpl done
Event: 940.577 Loading class java/lang/ProcessImpl$2
Event: 940.577 Loading class java/lang/ProcessImpl$2 done
Event: 940.577 Loading class java/lang/Process$PipeInputStream
Event: 940.578 Loading class java/lang/Process$PipeInputStream done
Event: 940.579 Loading class jdk/internal/event/ProcessStartEvent
Event: 940.580 Loading class jdk/internal/event/ProcessStartEvent done

Classes unloaded (20 events):
Event: 2620.544 Thread 0x000001f66d8e7370 Unloading class 0x000001f601428400 'java/lang/invoke/LambdaForm$MH+0x000001f601428400'
Event: 2620.544 Thread 0x000001f66d8e7370 Unloading class 0x000001f601428000 'java/lang/invoke/LambdaForm$MH+0x000001f601428000'
Event: 2620.544 Thread 0x000001f66d8e7370 Unloading class 0x000001f601408800 'java/lang/invoke/LambdaForm$MH+0x000001f601408800'
Event: 2620.544 Thread 0x000001f66d8e7370 Unloading class 0x000001f601408400 'java/lang/invoke/LambdaForm$MH+0x000001f601408400'
Event: 2620.544 Thread 0x000001f66d8e7370 Unloading class 0x000001f601408000 'java/lang/invoke/LambdaForm$MH+0x000001f601408000'
Event: 2620.544 Thread 0x000001f66d8e7370 Unloading class 0x000001f601404000 'java/lang/invoke/LambdaForm$MH+0x000001f601404000'
Event: 2620.544 Thread 0x000001f66d8e7370 Unloading class 0x000001f601342400 'java/lang/invoke/LambdaForm$MH+0x000001f601342400'
Event: 2620.544 Thread 0x000001f66d8e7370 Unloading class 0x000001f601342000 'java/lang/invoke/LambdaForm$MH+0x000001f601342000'
Event: 2620.544 Thread 0x000001f66d8e7370 Unloading class 0x000001f601341c00 'java/lang/invoke/LambdaForm$MH+0x000001f601341c00'
Event: 2620.544 Thread 0x000001f66d8e7370 Unloading class 0x000001f60111dc00 'java/lang/invoke/LambdaForm$MH+0x000001f60111dc00'
Event: 2620.544 Thread 0x000001f66d8e7370 Unloading class 0x000001f60111c400 'java/lang/invoke/LambdaForm$MH+0x000001f60111c400'
Event: 2620.544 Thread 0x000001f66d8e7370 Unloading class 0x000001f6010d1400 'java/lang/invoke/LambdaForm$MH+0x000001f6010d1400'
Event: 2620.544 Thread 0x000001f66d8e7370 Unloading class 0x000001f601015800 'java/lang/invoke/LambdaForm$MH+0x000001f601015800'
Event: 2626.182 Thread 0x000001f66d8e7370 Unloading class 0x000001f601341c00 'jdk/internal/reflect/GeneratedSerializationConstructorAccessor25'
Event: 2626.182 Thread 0x000001f66d8e7370 Unloading class 0x000001f601404000 'jdk/internal/reflect/GeneratedSerializationConstructorAccessor24'
Event: 2626.182 Thread 0x000001f66d8e7370 Unloading class 0x000001f601408800 'jdk/internal/reflect/GeneratedSerializationConstructorAccessor23'
Event: 2626.182 Thread 0x000001f66d8e7370 Unloading class 0x000001f601b88800 'jdk/internal/reflect/GeneratedSerializationConstructorAccessor22'
Event: 2626.182 Thread 0x000001f66d8e7370 Unloading class 0x000001f601b8ac00 'jdk/internal/reflect/GeneratedSerializationConstructorAccessor21'
Event: 2626.182 Thread 0x000001f66d8e7370 Unloading class 0x000001f601614b48 'org/apache/catalina/loader/JdbcLeakPrevention'
Event: 2626.182 Thread 0x000001f66d8e7370 Unloading class 0x000001f601614800 'jdk/proxy11/$Proxy230'

Classes redefined (0 events):
No events

Internal exceptions (20 events):
Event: 2626.100 Thread 0x000001f6770594b0 Exception <a 'java/io/IOException'{0x000000008820cb68}> (0x000000008820cb68) 
thrown [s\open\src\hotspot\share\prims\jni.cpp, line 520]
Event: 2626.101 Thread 0x000001f6770594b0 Exception <a 'java/io/IOException'{0x000000008820d788}> (0x000000008820d788) 
thrown [s\open\src\hotspot\share\prims\jni.cpp, line 520]
Event: 2626.102 Thread 0x000001f6770594b0 Exception <a 'java/io/IOException'{0x0000000088210850}> (0x0000000088210850) 
thrown [s\open\src\hotspot\share\prims\jni.cpp, line 520]
Event: 2626.103 Thread 0x000001f6770594b0 Exception <a 'java/io/IOException'{0x0000000088211470}> (0x0000000088211470) 
thrown [s\open\src\hotspot\share\prims\jni.cpp, line 520]
Event: 2626.104 Thread 0x000001f6770594b0 Exception <a 'java/io/IOException'{0x0000000088214538}> (0x0000000088214538) 
thrown [s\open\src\hotspot\share\prims\jni.cpp, line 520]
Event: 2626.104 Thread 0x000001f6770594b0 Exception <a 'java/io/IOException'{0x0000000088215158}> (0x0000000088215158) 
thrown [s\open\src\hotspot\share\prims\jni.cpp, line 520]
Event: 2626.106 Thread 0x000001f6770594b0 Exception <a 'java/io/IOException'{0x0000000088216fe0}> (0x0000000088216fe0) 
thrown [s\open\src\hotspot\share\prims\jni.cpp, line 520]
Event: 2626.106 Thread 0x000001f6770594b0 Exception <a 'java/io/IOException'{0x0000000088217c00}> (0x0000000088217c00) 
thrown [s\open\src\hotspot\share\prims\jni.cpp, line 520]
Event: 2626.110 Thread 0x000001f67636faa0 Exception <a 'java/lang/InterruptedException'{0x0000000088230cc0}: sleep interrupted> (0x0000000088230cc0) 
thrown [s\open\src\hotspot\share\prims\jvm.cpp, line 3074]
Event: 2626.433 Thread 0x000001f677057a70 Exception <a 'sun/nio/fs/WindowsException'{0x000000008b07e788}> (0x000000008b07e788) 
thrown [s\open\src\hotspot\share\prims\jni.cpp, line 520]
Event: 2626.982 Thread 0x000001f677057a70 Exception <a 'java/lang/NoClassDefFoundError'{0x0000000088b767b0}: org/flywaydb/core/Flyway> (0x0000000088b767b0) 
thrown [s\open\src\hotspot\share\oops\constantPool.cpp, line 871]
Event: 2626.983 Thread 0x000001f677057a70 Exception <a 'java/lang/NoClassDefFoundError'{0x0000000088b76e10}: liquibase/integration/spring/SpringLiquibase> (0x0000000088b76e10) 
thrown [s\open\src\hotspot\share\oops\constantPool.cpp, line 871]
Event: 2626.985 Thread 0x000001f677057a70 Exception <a 'java/lang/NoClassDefFoundError'{0x0000000088bc3f88}: org/jooq/DSLContext> (0x0000000088bc3f88) 
thrown [s\open\src\hotspot\share\oops\constantPool.cpp, line 871]
Event: 2626.990 Thread 0x000001f677057a70 Exception <a 'java/lang/NoClassDefFoundError'{0x0000000088a2da18}: org/springframework/batch/core/repository/JobRepository> (0x0000000088a2da18) 
thrown [s\open\src\hotspot\share\oops\constantPool.cpp, line 871]
Event: 2626.990 Thread 0x000001f677057a70 Exception <a 'java/lang/NoClassDefFoundError'{0x0000000088a2e070}: org/quartz/Scheduler> (0x0000000088a2e070) 
thrown [s\open\src\hotspot\share\oops\constantPool.cpp, line 871]
Event: 2626.990 Thread 0x000001f677057a70 Exception <a 'java/lang/NoClassDefFoundError'{0x0000000088a2e6f0}: org/springframework/session/jdbc/JdbcIndexedSessionRepository> (0x0000000088a2e6f0) 
thrown [s\open\src\hotspot\share\oops\constantPool.cpp, line 871]
Event: 2627.065 Thread 0x000001f677057a70 Exception <a 'java/io/FileNotFoundException'{0x0000000087fc9830}> (0x0000000087fc9830) 
thrown [s\open\src\hotspot\share\prims\jni.cpp, line 520]
Event: 2627.926 Thread 0x000001f677057a70 Exception <a 'java/io/FileNotFoundException'{0x0000000086c5c708}> (0x0000000086c5c708) 
thrown [s\open\src\hotspot\share\prims\jni.cpp, line 520]
Event: 2628.130 Thread 0x000001f677057a70 Exception <a 'java/io/FileNotFoundException'{0x000000008a8d10e8}> (0x000000008a8d10e8) 
thrown [s\open\src\hotspot\share\prims\jni.cpp, line 520]
Event: 2628.131 Thread 0x000001f677057a70 Exception <a 'java/io/FileNotFoundException'{0x000000008a8d1e20}> (0x000000008a8d1e20) 
thrown [s\open\src\hotspot\share\prims\jni.cpp, line 520]

ZGC Phase Switch (0 events):
No events

VM Operations (20 events):
Event: 2620.543 Executing VM operation: G1PauseRemark
Event: 2620.564 Executing VM operation: G1PauseRemark done
Event: 2620.608 Executing VM operation: G1PauseCleanup
Event: 2620.608 Executing VM operation: G1PauseCleanup done
Event: 2621.460 Executing VM operation: G1CollectForAllocation (G1 Evacuation Pause)
Event: 2621.470 Executing VM operation: G1CollectForAllocation (G1 Evacuation Pause) done
Event: 2622.472 Executing VM operation: Cleanup
Event: 2622.472 Executing VM operation: Cleanup done
Event: 2626.111 Executing VM operation: G1CollectFull (System.gc())
Event: 2626.297 Executing VM operation: G1CollectFull (System.gc()) done
Event: 2627.084 Executing VM operation: G1TryInitiateConcMark (G1 Humongous Allocation)
Event: 2627.091 Executing VM operation: G1TryInitiateConcMark (G1 Humongous Allocation) done
Event: 2627.264 Executing VM operation: G1PauseRemark
Event: 2627.277 Executing VM operation: G1PauseRemark done
Event: 2627.321 Executing VM operation: G1PauseCleanup
Event: 2627.322 Executing VM operation: G1PauseCleanup done
Event: 2627.925 Executing VM operation: ICBufferFull
Event: 2627.925 Executing VM operation: ICBufferFull done
Event: 2628.015 Executing VM operation: G1CollectForAllocation (G1 Evacuation Pause)
Event: 2628.024 Executing VM operation: G1CollectForAllocation (G1 Evacuation Pause) done

Events (20 events):
Event: 2627.276 Thread 0x000001f66d8e7370 flushing nmethod 0x000001f6618adb90
Event: 2627.276 Thread 0x000001f66d8e7370 flushing nmethod 0x000001f66189bb10
Event: 2627.276 Thread 0x000001f66d8e7370 flushing nmethod 0x000001f661869e10
Event: 2627.276 Thread 0x000001f66d8e7370 flushing nmethod 0x000001f661887490
Event: 2627.276 Thread 0x000001f66d8e7370 flushing nmethod 0x000001f661880310
Event: 2627.276 Thread 0x000001f66d8e7370 flushing nmethod 0x000001f66186e390
Event: 2627.276 Thread 0x000001f66d8e7370 flushing nmethod 0x000001f661849e90
Event: 2627.276 Thread 0x000001f66d8e7370 flushing nmethod 0x000001f661846310
Event: 2627.276 Thread 0x000001f66d8e7370 flushing nmethod 0x000001f6617dd910
Event: 2627.276 Thread 0x000001f66d8e7370 flushing nmethod 0x000001f6617f5c10
Event: 2627.276 Thread 0x000001f66d8e7370 flushing nmethod 0x000001f6617d9510
Event: 2627.276 Thread 0x000001f66d8e7370 flushing nmethod 0x000001f6617cd390
Event: 2627.276 Thread 0x000001f66d8e7370 flushing nmethod 0x000001f6617ace90
Event: 2627.276 Thread 0x000001f66d8e7370 flushing nmethod 0x000001f66179d810
Event: 2627.276 Thread 0x000001f66d8e7370 flushing nmethod 0x000001f66177ef90
Event: 2627.276 Thread 0x000001f66d8e7370 flushing nmethod 0x000001f661775210
Event: 2627.364 Thread 0x000001f67705aef0 Thread added: 0x000001f67705aef0
Event: 2627.927 Thread 0x000001f677058e20 Thread added: 0x000001f677058e20
Event: 2627.927 Thread 0x000001f677058100 Thread added: 0x000001f677058100
Event: 2627.927 Thread 0x000001f6770573e0 Thread added: 0x000001f6770573e0


Dynamic libraries:
0x00007ff71b160000 - 0x00007ff71b170000 	C:\Program Files\Java\jdk-21\bin\javaw.exe
0x00007ff81b150000 - 0x00007ff81b348000 	C:\WINDOWS\SYSTEM32\ntdll.dll
0x00007ff819b40000 - 0x00007ff819bff000 	C:\WINDOWS\System32\KERNEL32.DLL
0x00007ff818ee0000 - 0x00007ff8191b2000 	C:\WINDOWS\System32\KERNELBASE.dll
0x00007ff818c10000 - 0x00007ff818d10000 	C:\WINDOWS\System32\ucrtbase.dll
0x00007ffff0370000 - 0x00007ffff0389000 	C:\Program Files\Java\jdk-21\bin\jli.dll
0x00007ff81a910000 - 0x00007ff81a9be000 	C:\WINDOWS\System32\ADVAPI32.dll
0x00007ff819670000 - 0x00007ff81970e000 	C:\WINDOWS\System32\msvcrt.dll
0x00007ff81a500000 - 0x00007ff81a59c000 	C:\WINDOWS\System32\sechost.dll
0x00007ff819820000 - 0x00007ff819945000 	C:\WINDOWS\System32\RPCRT4.dll
0x00007ffff0350000 - 0x00007ffff036b000 	C:\Program Files\Java\jdk-21\bin\VCRUNTIME140.dll
0x00007ff819c00000 - 0x00007ff819da1000 	C:\WINDOWS\System32\USER32.dll
0x00007ff818930000 - 0x00007ff818952000 	C:\WINDOWS\System32\win32u.dll
0x00007ff81a180000 - 0x00007ff81a1ab000 	C:\WINDOWS\System32\GDI32.dll
0x00007ff818dd0000 - 0x00007ff818edf000 	C:\WINDOWS\System32\gdi32full.dll
0x00007ff818b70000 - 0x00007ff818c0d000 	C:\WINDOWS\System32\msvcp_win.dll
0x00007ffffbb90000 - 0x00007ffffbe2a000 	C:\WINDOWS\WinSxS\amd64_microsoft.windows.common-controls_6595b64144ccf1df_6.0.19041.1110_none_60b5254171f9507e\COMCTL32.dll
0x00007ff80dc30000 - 0x00007ff80dc3a000 	C:\WINDOWS\SYSTEM32\VERSION.dll
0x00007ff819730000 - 0x00007ff819762000 	C:\WINDOWS\System32\IMM32.DLL
0x00007ffffcd60000 - 0x00007ffffcd6c000 	C:\Program Files\Java\jdk-21\bin\vcruntime140_1.dll
0x00007fffe1960000 - 0x00007fffe19ee000 	C:\Program Files\Java\jdk-21\bin\msvcp140.dll
0x00007fffa9c10000 - 0x00007fffaa927000 	C:\Program Files\Java\jdk-21\bin\server\jvm.dll
0x00007ff81a3c0000 - 0x00007ff81a42b000 	C:\WINDOWS\System32\WS2_32.dll
0x00007ff818710000 - 0x00007ff81875b000 	C:\WINDOWS\SYSTEM32\POWRPROF.dll
0x00007ffffbe40000 - 0x00007ffffbe67000 	C:\WINDOWS\SYSTEM32\WINMM.dll
0x00007ff8186f0000 - 0x00007ff818702000 	C:\WINDOWS\SYSTEM32\UMPDC.dll
0x00007ff8170f0000 - 0x00007ff817102000 	C:\WINDOWS\SYSTEM32\kernel.appcore.dll
0x00007ffffbe70000 - 0x00007ffffbe7a000 	C:\Program Files\Java\jdk-21\bin\jimage.dll
0x00007ff816730000 - 0x00007ff816914000 	C:\WINDOWS\SYSTEM32\DBGHELP.DLL
0x00007ffff8e70000 - 0x00007ffff8ea5000 	C:\WINDOWS\SYSTEM32\dbgcore.DLL
0x00007ff8188a0000 - 0x00007ff818922000 	C:\WINDOWS\System32\bcryptPrimitives.dll
0x00007fffed4f0000 - 0x00007fffed50f000 	C:\Program Files\Java\jdk-21\bin\java.dll
0x00007ff81a9c0000 - 0x00007ff81b104000 	C:\WINDOWS\System32\SHELL32.dll
0x00007ff816920000 - 0x00007ff8170b2000 	C:\WINDOWS\SYSTEM32\windows.storage.dll
0x00007ff81a5b0000 - 0x00007ff81a905000 	C:\WINDOWS\System32\combase.dll
0x00007ff818220000 - 0x00007ff818250000 	C:\WINDOWS\SYSTEM32\Wldp.dll
0x00007ff819f60000 - 0x00007ff81a00d000 	C:\WINDOWS\System32\SHCORE.dll
0x00007ff819ad0000 - 0x00007ff819b25000 	C:\WINDOWS\System32\shlwapi.dll
0x00007ff8187e0000 - 0x00007ff8187ff000 	C:\WINDOWS\SYSTEM32\profapi.dll
0x00007fffada60000 - 0x00007fffadb37000 	C:\Program Files\Java\jdk-21\bin\jsvml.dll
0x00007ffff76d0000 - 0x00007ffff76e0000 	C:\Program Files\Java\jdk-21\bin\net.dll
0x00007ff80a0a0000 - 0x00007ff80a1ac000 	C:\WINDOWS\SYSTEM32\WINHTTP.dll
0x00007ff817f80000 - 0x00007ff817fea000 	C:\WINDOWS\system32\mswsock.dll
0x00007fffeb800000 - 0x00007fffeb816000 	C:\Program Files\Java\jdk-21\bin\nio.dll
0x00007fffe9850000 - 0x00007fffe9868000 	C:\Program Files\Java\jdk-21\bin\zip.dll
0x00007ffff75d0000 - 0x00007ffff75e0000 	C:\Program Files\Java\jdk-21\bin\verify.dll
0x00007ffff5c00000 - 0x00007ffff5c0a000 	C:\Program Files\Java\jdk-21\bin\management.dll
0x00007ffff5710000 - 0x00007ffff571b000 	C:\Program Files\Java\jdk-21\bin\management_ext.dll
0x00007ff819b30000 - 0x00007ff819b38000 	C:\WINDOWS\System32\PSAPI.DLL
0x00007ffff5150000 - 0x00007ffff515e000 	C:\Program Files\Java\jdk-21\bin\sunmscapi.dll
0x00007ff818960000 - 0x00007ff818ab6000 	C:\WINDOWS\System32\CRYPT32.dll
0x00007ff818290000 - 0x00007ff8182b7000 	C:\WINDOWS\SYSTEM32\ncrypt.dll
0x00007ff818250000 - 0x00007ff81828b000 	C:\WINDOWS\SYSTEM32\NTASN1.dll
0x00007ff818170000 - 0x00007ff818188000 	C:\WINDOWS\SYSTEM32\CRYPTSP.dll
0x00007ff8178a0000 - 0x00007ff8178d4000 	C:\WINDOWS\system32\rsaenh.dll
0x00007ff8191c0000 - 0x00007ff8191e7000 	C:\WINDOWS\System32\bcrypt.dll
0x00007ff8187a0000 - 0x00007ff8187ce000 	C:\WINDOWS\SYSTEM32\USERENV.dll
0x00007ff818190000 - 0x00007ff81819c000 	C:\WINDOWS\SYSTEM32\CRYPTBASE.dll
0x00007ff817c70000 - 0x00007ff817cab000 	C:\WINDOWS\SYSTEM32\IPHLPAPI.DLL
0x00007ff81a5a0000 - 0x00007ff81a5a8000 	C:\WINDOWS\System32\NSI.dll
0x00007ff817cb0000 - 0x00007ff817d7a000 	C:\WINDOWS\SYSTEM32\DNSAPI.dll
0x00007ff80c320000 - 0x00007ff80c32a000 	C:\Windows\System32\rasadhlp.dll
0x00007ff8021d0000 - 0x00007ff802250000 	C:\WINDOWS\System32\fwpuclnt.dll
0x00007ffff48d0000 - 0x00007ffff48d9000 	C:\Program Files\Java\jdk-21\bin\extnet.dll
0x00007ff801320000 - 0x00007ff801327000 	C:\WINDOWS\system32\wshunix.dll
0x00007ffff5120000 - 0x00007ffff5137000 	C:\WINDOWS\system32\napinsp.dll
0x00007ffff5100000 - 0x00007ffff511b000 	C:\WINDOWS\system32\pnrpnsp.dll
0x00007ff8101e0000 - 0x00007ff8101f5000 	C:\WINDOWS\system32\wshbth.dll
0x00007ff810d00000 - 0x00007ff810d1d000 	C:\WINDOWS\system32\NLAapi.dll
0x00007ffff50e0000 - 0x00007ffff50f2000 	C:\WINDOWS\System32\winrnr.dll
0x00007fffa88e0000 - 0x00007fffa8a6f000 	C:\Program Files\Java\jdk-21\bin\awt.dll
0x00007ff81a430000 - 0x00007ff81a4fd000 	C:\WINDOWS\System32\OLEAUT32.dll
0x00007ff812920000 - 0x00007ff8129b1000 	C:\WINDOWS\SYSTEM32\apphelp.dll

dbghelp: loaded successfully - version: 4.0.5 - missing functions: none
symbol engine: initialized successfully - sym options: 0x614 - pdb path: .;C:\Program Files\Java\jdk-21\bin;C:\WINDOWS\SYSTEM32;C:\WINDOWS\WinSxS\amd64_microsoft.windows.common-controls_6595b64144ccf1df_6.0.19041.1110_none_60b5254171f9507e;C:\Program Files\Java\jdk-21\bin\server

VM Arguments:
jvm_args: -Dfile.encoding=UTF-8 -Dstdout.encoding=UTF-8 -Dstderr.encoding=UTF-8 -XX:+ShowCodeDetailsInExceptionMessages 
java_command: com.example.CareerConnectApplication
java_class_path (initial): C:\Users\ADMIN\OneDrive\Desktop\job portal\CareerConnect-BackEnd\target\classes;C:\Users\ADMIN\.m2\repository\org\springframework\boot\spring-boot-starter-data-jpa\3.4.5\spring-boot-starter-data-jpa-3.4.5.jar;C:\Users\ADMIN\.m2\repository\org\springframework\boot\spring-boot-starter\3.4.5\spring-boot-starter-3.4.5.jar;C:\Users\ADMIN\.m2\repository\org\springframework\boot\spring-boot-starter-logging\3.4.5\spring-boot-starter-logging-3.4.5.jar;C:\Users\ADMIN\.m2\repository\ch\qos\logback\logback-classic\1.5.18\logback-classic-1.5.18.jar;C:\Users\ADMIN\.m2\repository\ch\qos\logback\logback-core\1.5.18\logback-core-1.5.18.jar;C:\Users\ADMIN\.m2\repository\org\apache\logging\log4j\log4j-to-slf4j\2.24.3\log4j-to-slf4j-2.24.3.jar;C:\Users\ADMIN\.m2\repository\org\apache\logging\log4j\log4j-api\2.24.3\log4j-api-2.24.3.jar;C:\Users\ADMIN\.m2\repository\org\slf4j\jul-to-slf4j\2.0.17\jul-to-slf4j-2.0.17.jar;C:\Users\ADMIN\.m2\repository\jakarta\annotation\jakarta.annotation-api\2.1.1\jakarta.annotation-api-2.1.1.jar;C:\Users\ADMIN\.m2\repository\org\yaml\snakeyaml\2.3\snakeyaml-2.3.jar;C:\Users\ADMIN\.m2\repository\org\springframework\boot\spring-boot-starter-jdbc\3.4.5\spring-boot-starter-jdbc-3.4.5.jar;C:\Users\ADMIN\.m2\repository\com\zaxxer\HikariCP\5.1.0\HikariCP-5.1.0.jar;C:\Users\ADMIN\.m2\repository\org\springframework\spring-jdbc\6.2.6\spring-jdbc-6.2.6.jar;C:\Users\ADMIN\.m2\repository\org\hibernate\orm\hibernate-core\6.6.13.Final\hibernate-core-6.6.13.Final.jar;C:\Users\ADMIN\.m2\repository\jakarta\persistence\jakarta.persistence-api\3.1.0\jakarta.persistence-api-3.1.0.jar;C:\Users\ADMIN\.m2\repository\jakarta\transaction\jakarta.transaction-api\2.0.1\jakarta.transaction-api-2.0.1.jar;C:\Users\ADMIN\.m2\repository\org\jboss\logging\jboss-logging\3.6.1.Final\jboss-logging-3.6.1.Final.jar;C:\Users\ADMIN\.m2\repository\org\hibernate\common\hibernate-commons-annotations\7.0.3.Final\hibernate-commons-annotations-7.0.3.Final.jar;C:\Users\ADMIN\.m2\repository\io\smallrye\jandex\3.2.0\jandex-3.2.0.jar;C:\Users\ADMIN\.m2\repository\com\fasterxml\classmate\1.7.0\classmate-1.7.0.jar;C:\Users\ADMIN\.m2\repository\net\bytebuddy\byte-buddy\1.15.11\byte-buddy-1.15.11.jar;C:\Users\ADMIN\.m2\repository\org\glassfish\jaxb\jaxb-runtime\4.0.5\jaxb-runtime-4.0.5.jar;C:\Users\ADMIN\.m2\repository\org\glassfish\jaxb\jaxb-core\4.0.5\jaxb-core-4.0.5.jar;C:\Users\ADMIN\.m2\repository\org\glassfish\jaxb\txw2\4.0.5\txw2-4.0.5.jar;C:\Users\ADMIN\.m2\repository\com\sun\istack\istack-commons-runtime\4.1.2\istack-commons-runtime-4.1.2.jar;C:\Users\ADMIN\.m2\repository\jakarta\inject\jakarta.inject-api\2.0.1\jakarta.inject-api-2.0.1.jar;C:\Users\ADMIN\.m2\repository\org\antlr\antlr4-runtime\4.13.0\antlr4-runtime-4.13.0.jar;C:\Users\ADMIN\.m2\repository\org\springframework\data\spring-data-jpa\3.4.5\spring-data-jpa-3.4.5.jar;C:\Users\ADMIN\.m2\repository\org\springframework\data\spring-data-commons\3.4.5\spring-data-commons-3.4.5.jar;C:\Users\ADMIN\.m2\repository\org\springframework\spring-orm\6.2.6\spring-orm-6.2.6.jar;C:\Users\ADMIN\.m2\repository\org\springframework\spring-context\6.2.6\spring-context-6.2.6.jar;C:\Users\ADMIN\.m2\repository\org\springframework\spring-tx\6.2.6\spring-tx-6.2.6.jar;C:\Users\ADMIN\.m2\repository\org\springframework\spring-beans\6.2.6\spring-beans-6.2.6.jar;C:\Users\ADMIN\.m2\repository\org\slf4j\slf4j-api\2.0.17\slf4j-api-2.0.17.jar;C:\Users\ADMIN\.m2\repository\org\springframework\spring-aspects\6.2.6\spring-aspects-6.2.6.jar;C:\Users\ADMIN\.m2\repository\org\aspectj\aspectjweaver\1.9.24\aspectjweaver-1.9.24.jar;C:\Users\ADMIN\.m2\repository\org\springframework\boot\spring-boot-starter-web\3.4.5\spring-boot-starter-web-3.4.5.jar;C:\Users\ADMIN\.m2\repository\org\springframework\boot\spring-boot-starter-json\3.4.5\spring-boot-starter-json-3.4.5.jar;C:\Users\ADMIN\.m2\repository\com\fasterxml\jackson\datatype\jackson-datatype-jdk8\2.18.3\jackson-datatype-jdk8-2.18.3.jar;C:\Users\ADMIN\.m2\repository\com\fasterxml\jackson\datatype\jackson-datatype-jsr310\2.18.3\jackson-datatype-jsr310-2.18.3.jar;C:\Users\ADMIN\.m2\repository\com\fasterxml\jackson\module\jackson-module-parameter-names\2.18.3\jackson-module-parameter-names-2.18.3.jar;C:\Users\ADMIN\.m2\repository\org\springframework\boot\spring-boot-starter-tomcat\3.4.5\spring-boot-starter-tomcat-3.4.5.jar;C:\Users\ADMIN\.m2\repository\org\apache\tomcat\embed\tomcat-embed-core\10.1.40\tomcat-embed-core-10.1.40.jar;C:\Users\ADMIN\.m2\repository\org\apache\tomcat\embed\tomcat-embed-el\10.1.40\tomcat-embed-el-10.1.40.jar;C:\Users\ADMIN\.m2\repository\org\apache\tomcat\embed\tomcat-embed-websocket\10.1.40\tomcat-embed-websocket-10.1.40.jar;C:\Users\ADMIN\.m2\repository\org\springframework\spring-web\6.2.6\spring-web-6.2.6.jar;C:\Users\ADMIN\.m2\repository\io\micrometer\micrometer-observation\1.14.6\micrometer-observation-1.14.6.jar;C:\Users\ADMIN\.m2\repository\io\micrometer\micrometer-commons\1.14.6\micrometer-commons-1.14.6.jar;C:\Users\ADMIN\.m2\repository\org\springframework\spring-webmvc\6.2.6\spring-webmvc-6.2.6.jar;C:\Users\ADMIN\.m2\repository\org\springframework\spring-expression\6.2.6\spring-expression-6.2.6.jar;C:\Users\ADMIN\.m2\repository\com\itextpdf\barcodes\7.2.5\barcodes-7.2.5.jar;C:\Users\ADMIN\.m2\repository\com\itextpdf\font-asian\7.2.5\font-asian-7.2.5.jar;C:\Users\ADMIN\.m2\repository\com\itextpdf\forms\7.2.5\forms-7.2.5.jar;C:\Users\ADMIN\.m2\repository\com\itextpdf\hyph\7.2.5\hyph-7.2.5.jar;C:\Users\ADMIN\.m2\repository\com\itextpdf\io\7.2.5\io-7.2.5.jar;C:\Users\ADMIN\.m2\repository\com\itextpdf\commons\7.2.5\commons-7.2.5.jar;C:\Users\ADMIN\.m2\repository\com\itextpdf\kernel\7.2.5\kernel-7.2.5.jar;C:\Users\ADMIN\.m2\repository\org\bouncycastle\bcpkix-jdk15on\1.70\bcpkix-jdk15on-1.70.jar;C:\Users\ADMIN\.m2\repository\org\bouncycastle\bcutil-jdk15on\1.70\bcutil-jdk15on-1.70.jar;C:\Users\ADMIN\.m2\repository\org\bouncycastle\bcprov-jdk15on\1.70\bcprov-jdk15on-1.70.jar;C:\Users\ADMIN\.m2\repository\com\itextpdf\layout\7.2.5\layout-7.2.5.jar;C:\Users\ADMIN\.m2\repository\com\itextpdf\pdfa\7.2.5\pdfa-7.2.5.jar;C:\Users\ADMIN\.m2\repository\com\itextpdf\sign\7.2.5\sign-7.2.5.jar;C:\Users\ADMIN\.m2\repository\com\itextpdf\styled-xml-parser\7.2.5\styled-xml-parser-7.2.5.jar;C:\Users\ADMIN\.m2\repository\com\itextpdf\svg\7.2.5\svg-7.2.5.jar;C:\Users\ADMIN\.m2\repository\org\apache\pdfbox\pdfbox\2.0.29\pdfbox-2.0.29.jar;C:\Users\ADMIN\.m2\repository\org\apache\pdfbox\fontbox\2.0.29\fontbox-2.0.29.jar;C:\Users\ADMIN\.m2\repository\commons-logging\commons-logging\1.2\commons-logging-1.2.jar;C:\Users\ADMIN\.m2\repository\org\projectlombok\lombok\1.18.38\lombok-1.18.38.jar;C:\Users\ADMIN\.m2\repository\org\springframework\boot\spring-boot-starter-mail\3.4.5\spring-boot-starter-mail-3.4.5.jar;C:\Users\ADMIN\.m2\repository\org\springframework\spring-context-support\6.2.6\spring-context-support-6.2.6.jar;C:\Users\ADMIN\.m2\repository\org\eclipse\angus\jakarta.mail\2.0.3\jakarta.mail-2.0.3.jar;C:\Users\ADMIN\.m2\repository\com\cloudinary\cloudinary-http44\1.29.0\cloudinary-http44-1.29.0.jar;C:\Users\ADMIN\.m2\repository\com\cloudinary\cloudinary-core\1.29.0\cloudinary-core-1.29.0.jar;C:\Users\ADMIN\.m2\repository\org\apache\commons\commons-lang3\3.17.0\commons-lang3-3.17.0.jar;C:\Users\ADMIN\.m2\repository\org\apache\httpcomponents\httpclient\4.4\httpclient-4.4.jar;C:\Users\ADMIN\.m2\repository\org\apache\httpcomponents\httpmime\4.4\httpmime-4.4.jar;C:\Users\ADMIN\.m2\repository\org\springframework\boot\spring-boot-devtools\3.4.5\spring-boot-devtools-3.4.5.jar;C:\Users\ADMIN\.m2\repository\org\springframework\boot\spring-boot\3.4.5\spring-boot-3.4.5.jar;C:\Users\ADMIN\.m2\repository\org\springframework\boot\spring-boot-autoconfigure\3.4.5\spring-boot-autoconfigure-3.4.5.jar;C:\Users\ADMIN\.m2\repository\com\mysql\mysql-connector-j\9.1.0\mysql-connector-j-9.1.0.jar;C:\Users\ADMIN\.m2\repository\org\json\json\20240303\json-20240303.jar;C:\Users\ADMIN\.m2\repository\jakarta\xml\bind\jakarta.xml.bind-api\4.0.2\jakarta.xml.bind-api-4.0.2.jar;C:\Users\ADMIN\.m2\repository\org\springframework\spring-core\6.2.6\spring-core-6.2.6.jar;C:\Users\ADMIN\.m2\repository\org\springframework\spring-jcl\6.2.6\spring-jcl-6.2.6.jar;C:\Users\ADMIN\.m2\repository\jakarta\validation\jakarta.validation-api\3.0.2\jakarta.validation-api-3.0.2.jar;C:\Users\ADMIN\.m2\repository\com\razorpay\razorpay-java\1.4.5\razorpay-java-1.4.5.jar;C:\Users\ADMIN\.m2\repository\com\squareup\okhttp3\okhttp\3.10.0\okhttp-3.10.0.jar;C:\Users\ADMIN\.m2\repository\com\squareup\okio\okio\1.14.0\okio-1.14.0.jar;C:\Users\ADMIN\.m2\repository\com\squareup\okhttp3\logging-interceptor\3.10.0\logging-interceptor-3.10.0.jar;C:\Users\ADMIN\.m2\repository\commons-codec\commons-codec\1.17.2\commons-codec-1.17.2.jar;C:\Users\ADMIN\.m2\repository\org\apache\commons\commons-text\1.3\commons-text-1.3.jar;C:\Users\ADMIN\.m2\repository\com\google\api-client\google-api-client\1.34.0\google-api-client-1.34.0.jar;C:\Users\ADMIN\.m2\repository\com\google\oauth-client\google-oauth-client\1.33.2\google-oauth-client-1.33.2.jar;C:\Users\ADMIN\.m2\repository\com\google\http-client\google-http-client-gson\1.41.7\google-http-client-gson-1.41.7.jar;C:\Users\ADMIN\.m2\repository\com\google\code\gson\gson\2.11.0\gson-2.11.0.jar;C:\Users\ADMIN\.m2\repository\com\google\guava\guava\31.1-jre\guava-31.1-jre.jar;C:\Users\ADMIN\.m2\repository\com\google\guava\failureaccess\1.0.1\failureaccess-1.0.1.jar;C:\Users\ADMIN\.m2\repository\com\google\guava\listenablefuture\9999.0-empty-to-avoid-conflict-with-guava\listenablefuture-9999.0-empty-to-avoid-conflict-with-guava.jar;C:\Users\ADMIN\.m2\repository\com\google\code\findbugs\jsr305\3.0.2\jsr305-3.0.2.jar;C:\Users\ADMIN\.m2\repository\org\checkerframework\checker-qual\3.12.0\checker-qual-3.12.0.jar;C:\Users\ADMIN\.m2\repository\com\google\errorprone\error_prone_annotations\2.11.0\error_prone_annotations-2.11.0.jar;C:\Users\ADMIN\.m2\repository\com\google\j2objc\j2objc-annotations\1.3\j2objc-annotations-1.3.jar;C:\Users\ADMIN\.m2\repository\com\google\http-client\google-http-client-apache-v2\1.41.7\google-http-client-apache-v2-1.41.7.jar;C:\Users\ADMIN\.m2\repository\org\apache\httpcomponents\httpcore\4.4.16\httpcore-4.4.16.jar;C:\Users\ADMIN\.m2\repository\com\google\http-client\google-http-client\1.41.7\google-http-client-1.41.7.jar;C:\Users\ADMIN\.m2\repository\io\opencensus\opencensus-api\0.31.0\opencensus-api-0.31.0.jar;C:\Users\ADMIN\.m2\repository\io\grpc\grpc-context\1.27.2\grpc-context-1.27.2.jar;C:\Users\ADMIN\.m2\repository\io\opencensus\opencensus-contrib-http-util\0.31.0\opencensus-contrib-http-util-0.31.0.jar;C:\Users\ADMIN\.m2\repository\com\google\http-client\google-http-client-jackson2\1.43.3\google-http-client-jackson2-1.43.3.jar;C:\Users\ADMIN\.m2\repository\com\fasterxml\jackson\core\jackson-core\2.18.3\jackson-core-2.18.3.jar;C:\Users\ADMIN\.m2\repository\com\sun\mail\jakarta.mail\2.0.1\jakarta.mail-2.0.1.jar;C:\Users\ADMIN\.m2\repository\com\sun\activation\jakarta.activation\2.0.1\jakarta.activation-2.0.1.jar;C:\Users\ADMIN\.m2\repository\org\eclipse\angus\angus-activation\2.0.1\angus-activation-2.0.1.jar;C:\Users\ADMIN\.m2\repository\jakarta\activation\jakarta.activation-api\2.1.3\jakarta.activation-api-2.1.3.jar;C:\Users\ADMIN\.m2\repository\org\springframework\boot\spring-boot-starter-security\3.4.5\spring-boot-starter-security-3.4.5.jar;C:\Users\ADMIN\.m2\repository\org\springframework\spring-aop\6.2.6\spring-aop-6.2.6.jar;C:\Users\ADMIN\.m2\repository\org\springframework\security\spring-security-config\6.4.5\spring-security-config-6.4.5.jar;C:\Users\ADMIN\.m2\repository\org\springframework\security\spring-security-core\6.4.5\spring-security-core-6.4.5.jar;C:\Users\ADMIN\.m2\repository\org\springframework\security\spring-security-crypto\6.4.5\spring-security-crypto-6.4.5.jar;C:\Users\ADMIN\.m2\repository\org\springframework\security\spring-security-web\6.4.5\spring-security-web-6.4.5.jar;C:\Users\ADMIN\.m2\repository\io\jsonwebtoken\jjwt-api\0.11.5\jjwt-api-0.11.5.jar;C:\Users\ADMIN\.m2\repository\io\jsonwebtoken\jjwt-impl\0.11.5\jjwt-impl-0.11.5.jar;C:\Users\ADMIN\.m2\repository\io\jsonwebtoken\jjwt-jackson\0.11.5\jjwt-jackson-0.11.5.jar;C:\Users\ADMIN\.m2\repository\com\fasterxml\jackson\core\jackson-databind\2.18.3\jackson-databind-2.18.3.jar;C:\Users\ADMIN\.m2\repository\com\fasterxml\jackson\core\jackson-annotations\2.18.3\jackson-annotations-2.18.3.jar
Launcher Type: SUN_STANDARD

[Global flags]
     intx CICompilerCount                          = 3                                         {product} {ergonomic}
     uint ConcGCThreads                            = 1                                         {product} {ergonomic}
     uint G1ConcRefinementThreads                  = 4                                         {product} {ergonomic}
   size_t G1HeapRegionSize                         = 1048576                                   {product} {ergonomic}
    uintx GCDrainStackTargetSize                   = 64                                        {product} {ergonomic}
   size_t InitialHeapSize                          = 134217728                                 {product} {ergonomic}
   size_t MarkStackSize                            = 4194304                                   {product} {ergonomic}
   size_t MaxHeapSize                              = 2116026368                                {product} {ergonomic}
   size_t MaxNewSize                               = 1268776960                                {product} {ergonomic}
   size_t MinHeapDeltaBytes                        = 1048576                                   {product} {ergonomic}
   size_t MinHeapSize                              = 8388608                                   {product} {ergonomic}
    uintx NonNMethodCodeHeapSize                   = 5832780                                {pd product} {ergonomic}
    uintx NonProfiledCodeHeapSize                  = 122912730                              {pd product} {ergonomic}
    uintx ProfiledCodeHeapSize                     = 122912730                              {pd product} {ergonomic}
    uintx ReservedCodeCacheSize                    = 251658240                              {pd product} {ergonomic}
     bool SegmentedCodeCache                       = true                                      {product} {ergonomic}
     bool ShowCodeDetailsInExceptionMessages       = true                                   {manageable} {command line}
   size_t SoftMaxHeapSize                          = 2116026368                             {manageable} {ergonomic}
     bool UseCompressedOops                        = true                           {product lp64_product} {ergonomic}
     bool UseG1GC                                  = true                                      {product} {ergonomic}
     bool UseLargePagesIndividualAllocation        = false                                  {pd product} {ergonomic}

Logging:
Log output configuration:
 #0: stdout all=warning uptime,level,tags foldmultilines=false
 #1: stderr all=off uptime,level,tags foldmultilines=false

Environment Variables:
PATH=C:/Program Files/OpenLogic/jdk-21.0.5.11-hotspot/bin/server;C:/Program Files/OpenLogic/jdk-21.0.5.11-hotspot/bin;C:\Program Files\OpenLogic\jdk-21.0.5.11-hotspot\bin;C:\Python312\Scripts\;C:\Python312\;C:\Program Files\Common Files\Oracle\Java\javapath;C:\WINDOWS\system32;C:\WINDOWS;C:\WINDOWS\System32\Wbem;C:\WINDOWS\System32\WindowsPowerShell\v1.0\;C:\WINDOWS\System32\OpenSSH\;C:\Program Files (x86)\Intel\Intel(R) Management Engine Components\DAL;C:\Program Files\Intel\Intel(R) Management Engine Components\DAL;C:\Program Files (x86)\Microsoft SQL Server\100\Tools\Binn\;C:\Program Files\Microsoft SQL Server\100\Tools\Binn\;C:\Program Files\Microsoft SQL Server\100\DTS\Binn\;C:\Users\ADMIN\.jdks\openjdk-21.0.2\bin;C:\ProgramData\chocolatey\bin;C:\Program Files\Microsoft\Azure Functions Core Tools\;C:\Program Files\Git\cmd;C:\Program Files\Git\mingw64\bin;C:\Program Files\Git\usr\bin;C:\Program Files\nodejs\;C:\Program Files\MySQL\MySQL Shell 8.0\bin\;C:\Users\ADMIN\AppData\Local\Programs\Python\Python38\Scripts\;C:\Users\ADMIN\AppData\Local\Programs\Python\Python38\;C:\Users\ADMIN\anaconda3;C:\Users\ADMIN\anaconda3\Library\mingw-w64\bin;C:\Users\ADMIN\anaconda3\Library\usr\bin;C:\Users\ADMIN\anaconda3\Library\bin;C:\Users\ADMIN\anaconda3\Scripts;C:\Users\ADMIN\AppData\Local\Programs\Python\Python311\Scripts\;C:\Users\ADMIN\AppData\Local\Programs\Python\Python311\;C:\Users\ADMIN\AppData\Local\Microsoft\WindowsApps;C:\Program Files\JetBrains\PyCharm Community Edition 2022.1\bin;;C:\Python312\Scripts;C:\Users\ADMIN\AppData\Roaming\npm;C:\Users\ADMIN\Downloads\flutter_windows_3.27.1-stable\flutter\bin;C:\Users\ADMIN\AppData\Local\Programs\Microsoft VS Code\bin;C:\Users\ADMIN\OneDrive\Desktop;
USERNAME=ADMIN
OS=Windows_NT
PROCESSOR_IDENTIFIER=Intel64 Family 6 Model 78 Stepping 3, GenuineIntel
TMP=C:\Users\ADMIN\AppData\Local\Temp
TEMP=C:\Users\ADMIN\AppData\Local\Temp




Periodic native trim disabled

---------------  S Y S T E M  ---------------

OS:
 Windows 10 , 64 bit Build 19041 (10.0.19041.2364)
OS uptime: 2 days 0:56 hours

CPU: total 4 (initial active 4) (2 cores per cpu, 2 threads per core) family 6 model 78 stepping 3 microcode 0xf0, cx8, cmov, fxsr, ht, mmx, 3dnowpref, sse, sse2, sse3, ssse3, sse4.1, sse4.2, popcnt, lzcnt, tsc, tscinvbit, avx, avx2, aes, erms, clmul, bmi1, bmi2, rtm, adx, fma, vzeroupper, clflush, clflushopt, rdtscp, f16c
Processor Information for all 4 processors :
  Max Mhz: 2808, Current Mhz: 2607, Mhz Limit: 2583

Memory: 4k page, system-wide physical 8071M (1601M free)
TotalPageFile size 15495M (AvailPageFile size 5001M)
current process WorkingSet (physical memory assigned to process): 394M, peak: 551M
current process commit charge ("private bytes"): 447M, peak: 594M

vm_info: Java HotSpot(TM) 64-Bit Server VM (21.0.2+13-LTS-58) for windows-amd64 JRE (21.0.2+13-LTS-58), built on 2024-01-05T18:32:24Z by "mach5one" with MS VC++ 17.1 (VS2022)

END.
